[0.173s] DEBUG:colcon:Command line arguments: ['/usr/bin/colcon', 'build']
[0.173s] DEBUG:colcon:Parsed command line arguments: Namespace(log_base=None, log_level=None, verb_name='build', build_base='build', install_base='install', merge_install=False, symlink_install=False, test_result_base=None, continue_on_error=False, executor='parallel', parallel_workers=8, event_handlers=None, ignore_user_meta=False, metas=['./colcon.meta'], base_paths=['.'], packages_ignore=None, packages_ignore_regex=None, paths=None, packages_up_to=None, packages_up_to_regex=None, packages_above=None, packages_above_and_dependencies=None, packages_above_depth=None, packages_select_by_dep=None, packages_skip_by_dep=None, packages_skip_up_to=None, packages_select_build_failed=False, packages_skip_build_finished=False, packages_select_test_failures=False, packages_skip_test_passed=False, packages_select=None, packages_skip=None, packages_select_regex=None, packages_skip_regex=None, packages_start=None, packages_end=None, allow_overriding=[], cmake_args=None, cmake_target=None, cmake_target_skip_unavailable=False, cmake_clean_cache=False, cmake_clean_first=False, cmake_force_configure=False, ament_cmake_args=None, catkin_cmake_args=None, catkin_skip_building_tests=False, mixin_files=None, mixin=None, verb_parser=<colcon_mixin.mixin.mixin_argument.MixinArgumentDecorator object at 0x7f05d692a750>, verb_extension=<colcon_core.verb.build.BuildVerb object at 0x7f05d692a2d0>, main=<bound method BuildVerb.main of <colcon_core.verb.build.BuildVerb object at 0x7f05d692a2d0>>, mixin_verb=('build',))
[0.220s] Level 1:colcon.colcon_core.package_discovery:discover_packages(colcon_meta) check parameters
[0.220s] Level 1:colcon.colcon_core.package_discovery:discover_packages(recursive) check parameters
[0.220s] Level 1:colcon.colcon_core.package_discovery:discover_packages(ignore) check parameters
[0.220s] Level 1:colcon.colcon_core.package_discovery:discover_packages(path) check parameters
[0.220s] Level 1:colcon.colcon_core.package_discovery:discover_packages(colcon_meta) discover
[0.220s] Level 1:colcon.colcon_core.package_discovery:discover_packages(recursive) discover
[0.220s] INFO:colcon.colcon_core.package_discovery:Crawling recursively for packages in '/home/maxim/projects/arm_driver-ws'
[0.220s] Level 1:colcon.colcon_core.package_identification:_identify(.) by extensions ['ignore', 'ignore_ament_install']
[0.221s] Level 1:colcon.colcon_core.package_identification:_identify(.) by extension 'ignore'
[0.221s] Level 1:colcon.colcon_core.package_identification:_identify(.) by extension 'ignore_ament_install'
[0.221s] Level 1:colcon.colcon_core.package_identification:_identify(.) by extensions ['colcon_pkg']
[0.221s] Level 1:colcon.colcon_core.package_identification:_identify(.) by extension 'colcon_pkg'
[0.221s] Level 1:colcon.colcon_core.package_identification:_identify(.) by extensions ['colcon_meta']
[0.221s] Level 1:colcon.colcon_core.package_identification:_identify(.) by extension 'colcon_meta'
[0.221s] Level 1:colcon.colcon_core.package_identification:_identify(.) by extensions ['ros']
[0.221s] Level 1:colcon.colcon_core.package_identification:_identify(.) by extension 'ros'
[0.248s] Level 1:colcon.colcon_core.package_identification:_identify(.) by extensions ['cmake', 'python']
[0.248s] Level 1:colcon.colcon_core.package_identification:_identify(.) by extension 'cmake'
[0.248s] Level 1:colcon.colcon_core.package_identification:_identify(.) by extension 'python'
[0.248s] Level 1:colcon.colcon_core.package_identification:_identify(.) by extensions ['python_setup_py']
[0.248s] Level 1:colcon.colcon_core.package_identification:_identify(.) by extension 'python_setup_py'
[0.248s] Level 1:colcon.colcon_core.package_identification:_identify(build) by extensions ['ignore', 'ignore_ament_install']
[0.248s] Level 1:colcon.colcon_core.package_identification:_identify(build) by extension 'ignore'
[0.248s] Level 1:colcon.colcon_core.package_identification:_identify(build) ignored
[0.249s] Level 1:colcon.colcon_core.package_identification:_identify(install) by extensions ['ignore', 'ignore_ament_install']
[0.249s] Level 1:colcon.colcon_core.package_identification:_identify(install) by extension 'ignore'
[0.249s] Level 1:colcon.colcon_core.package_identification:_identify(install) ignored
[0.249s] Level 1:colcon.colcon_core.package_identification:_identify(log) by extensions ['ignore', 'ignore_ament_install']
[0.249s] Level 1:colcon.colcon_core.package_identification:_identify(log) by extension 'ignore'
[0.249s] Level 1:colcon.colcon_core.package_identification:_identify(log) ignored
[0.249s] Level 1:colcon.colcon_core.package_identification:_identify(src) by extensions ['ignore', 'ignore_ament_install']
[0.249s] Level 1:colcon.colcon_core.package_identification:_identify(src) by extension 'ignore'
[0.250s] Level 1:colcon.colcon_core.package_identification:_identify(src) by extension 'ignore_ament_install'
[0.250s] Level 1:colcon.colcon_core.package_identification:_identify(src) by extensions ['colcon_pkg']
[0.250s] Level 1:colcon.colcon_core.package_identification:_identify(src) by extension 'colcon_pkg'
[0.250s] Level 1:colcon.colcon_core.package_identification:_identify(src) by extensions ['colcon_meta']
[0.250s] Level 1:colcon.colcon_core.package_identification:_identify(src) by extension 'colcon_meta'
[0.250s] Level 1:colcon.colcon_core.package_identification:_identify(src) by extensions ['ros']
[0.250s] Level 1:colcon.colcon_core.package_identification:_identify(src) by extension 'ros'
[0.250s] Level 1:colcon.colcon_core.package_identification:_identify(src) by extensions ['cmake', 'python']
[0.250s] Level 1:colcon.colcon_core.package_identification:_identify(src) by extension 'cmake'
[0.250s] Level 1:colcon.colcon_core.package_identification:_identify(src) by extension 'python'
[0.250s] Level 1:colcon.colcon_core.package_identification:_identify(src) by extensions ['python_setup_py']
[0.251s] Level 1:colcon.colcon_core.package_identification:_identify(src) by extension 'python_setup_py'
[0.251s] Level 1:colcon.colcon_core.package_identification:_identify(src/perseus_arm) by extensions ['ignore', 'ignore_ament_install']
[0.251s] Level 1:colcon.colcon_core.package_identification:_identify(src/perseus_arm) by extension 'ignore'
[0.251s] Level 1:colcon.colcon_core.package_identification:_identify(src/perseus_arm) by extension 'ignore_ament_install'
[0.251s] Level 1:colcon.colcon_core.package_identification:_identify(src/perseus_arm) by extensions ['colcon_pkg']
[0.251s] Level 1:colcon.colcon_core.package_identification:_identify(src/perseus_arm) by extension 'colcon_pkg'
[0.252s] Level 1:colcon.colcon_core.package_identification:_identify(src/perseus_arm) by extensions ['colcon_meta']
[0.252s] Level 1:colcon.colcon_core.package_identification:_identify(src/perseus_arm) by extension 'colcon_meta'
[0.252s] Level 1:colcon.colcon_core.package_identification:_identify(src/perseus_arm) by extensions ['ros']
[0.252s] Level 1:colcon.colcon_core.package_identification:_identify(src/perseus_arm) by extension 'ros'
[0.256s] DEBUG:colcon.colcon_core.package_identification:Package 'src/perseus_arm' with type 'ros.ament_cmake' and name 'perseus_arm'
[0.256s] Level 1:colcon.colcon_core.package_discovery:discover_packages(recursive) using defaults
[0.256s] Level 1:colcon.colcon_core.package_discovery:discover_packages(ignore) discover
[0.256s] Level 1:colcon.colcon_core.package_discovery:discover_packages(ignore) using defaults
[0.256s] Level 1:colcon.colcon_core.package_discovery:discover_packages(path) discover
[0.256s] Level 1:colcon.colcon_core.package_discovery:discover_packages(path) using defaults
[0.276s] Level 1:colcon.colcon_core.package_discovery:discover_packages(prefix_path) check parameters
[0.276s] Level 1:colcon.colcon_core.package_discovery:discover_packages(prefix_path) discover
[0.277s] WARNING:colcon.colcon_core.prefix_path.colcon:The path '/home/maxim/projects/arm_driver-ws/src/perseus_arm/install' in the environment variable COLCON_PREFIX_PATH doesn't exist
[0.277s] WARNING:colcon.colcon_ros.prefix_path.ament:The path '/home/maxim/projects/arm_driver-ws/src/perseus_arm/install/perseus_arm' in the environment variable AMENT_PREFIX_PATH doesn't exist
[0.277s] WARNING:colcon.colcon_ros.prefix_path.catkin:The path '/home/maxim/projects/arm_driver-ws/src/perseus_arm/install/perseus_arm' in the environment variable CMAKE_PREFIX_PATH doesn't exist
[0.281s] DEBUG:colcon.colcon_installed_package_information.package_discovery:Found 401 installed packages in /opt/ros/jazzy
[0.283s] Level 1:colcon.colcon_core.package_discovery:discover_packages(prefix_path) using defaults
[0.346s] Level 5:colcon.colcon_core.verb:set package 'perseus_arm' build argument 'cmake_args' from command line to 'None'
[0.347s] Level 5:colcon.colcon_core.verb:set package 'perseus_arm' build argument 'cmake_target' from command line to 'None'
[0.347s] Level 5:colcon.colcon_core.verb:set package 'perseus_arm' build argument 'cmake_target_skip_unavailable' from command line to 'False'
[0.347s] Level 5:colcon.colcon_core.verb:set package 'perseus_arm' build argument 'cmake_clean_cache' from command line to 'False'
[0.347s] Level 5:colcon.colcon_core.verb:set package 'perseus_arm' build argument 'cmake_clean_first' from command line to 'False'
[0.347s] Level 5:colcon.colcon_core.verb:set package 'perseus_arm' build argument 'cmake_force_configure' from command line to 'False'
[0.347s] Level 5:colcon.colcon_core.verb:set package 'perseus_arm' build argument 'ament_cmake_args' from command line to 'None'
[0.347s] Level 5:colcon.colcon_core.verb:set package 'perseus_arm' build argument 'catkin_cmake_args' from command line to 'None'
[0.347s] Level 5:colcon.colcon_core.verb:set package 'perseus_arm' build argument 'catkin_skip_building_tests' from command line to 'False'
[0.347s] DEBUG:colcon.colcon_core.verb:Building package 'perseus_arm' with the following arguments: {'ament_cmake_args': None, 'build_base': '/home/maxim/projects/arm_driver-ws/build/perseus_arm', 'catkin_cmake_args': None, 'catkin_skip_building_tests': False, 'cmake_args': None, 'cmake_clean_cache': False, 'cmake_clean_first': False, 'cmake_force_configure': False, 'cmake_target': None, 'cmake_target_skip_unavailable': False, 'install_base': '/home/maxim/projects/arm_driver-ws/install/perseus_arm', 'merge_install': False, 'path': '/home/maxim/projects/arm_driver-ws/src/perseus_arm', 'symlink_install': False, 'test_result_base': None}
[0.347s] INFO:colcon.colcon_core.executor:Executing jobs using 'parallel' executor
[0.348s] DEBUG:colcon.colcon_parallel_executor.executor.parallel:run_until_complete
[0.348s] INFO:colcon.colcon_ros.task.ament_cmake.build:Building ROS package in '/home/maxim/projects/arm_driver-ws/src/perseus_arm' with build type 'ament_cmake'
[0.348s] INFO:colcon.colcon_cmake.task.cmake.build:Building CMake package in '/home/maxim/projects/arm_driver-ws/src/perseus_arm'
[0.353s] INFO:colcon.colcon_core.plugin_system:Skipping extension 'colcon_core.shell.bat': Not used on non-Windows systems
[0.353s] INFO:colcon.colcon_core.shell:Skip shell extension 'powershell' for command environment: Not usable outside of PowerShell
[0.353s] DEBUG:colcon.colcon_core.shell:Skip shell extension 'dsv' for command environment
[0.363s] DEBUG:colcon.colcon_core.event_handler.log_command:Invoking command in '/home/maxim/projects/arm_driver-ws/build/perseus_arm': CMAKE_PREFIX_PATH=${CMAKE_PREFIX_PATH}:/opt/ros/jazzy /usr/bin/cmake /home/maxim/projects/arm_driver-ws/src/perseus_arm -DCMAKE_INSTALL_PREFIX=/home/maxim/projects/arm_driver-ws/install/perseus_arm
[4.700s] DEBUG:colcon.colcon_core.event_handler.log_command:Invoked command in '/home/maxim/projects/arm_driver-ws/build/perseus_arm' returned '0': CMAKE_PREFIX_PATH=${CMAKE_PREFIX_PATH}:/opt/ros/jazzy /usr/bin/cmake /home/maxim/projects/arm_driver-ws/src/perseus_arm -DCMAKE_INSTALL_PREFIX=/home/maxim/projects/arm_driver-ws/install/perseus_arm
[4.702s] DEBUG:colcon.colcon_core.event_handler.log_command:Invoking command in '/home/maxim/projects/arm_driver-ws/build/perseus_arm': CMAKE_PREFIX_PATH=${CMAKE_PREFIX_PATH}:/opt/ros/jazzy /usr/bin/cmake --build /home/maxim/projects/arm_driver-ws/build/perseus_arm -- -j8 -l8
[4.760s] DEBUG:colcon.colcon_core.event_handler.log_command:Invoked command in '/home/maxim/projects/arm_driver-ws/build/perseus_arm' returned '0': CMAKE_PREFIX_PATH=${CMAKE_PREFIX_PATH}:/opt/ros/jazzy /usr/bin/cmake --build /home/maxim/projects/arm_driver-ws/build/perseus_arm -- -j8 -l8
[4.772s] DEBUG:colcon.colcon_core.event_handler.log_command:Invoking command in '/home/maxim/projects/arm_driver-ws/build/perseus_arm': CMAKE_PREFIX_PATH=${CMAKE_PREFIX_PATH}:/opt/ros/jazzy /usr/bin/cmake --install /home/maxim/projects/arm_driver-ws/build/perseus_arm
[4.790s] Level 1:colcon.colcon_core.environment:create_environment_scripts_only(perseus_arm)
[4.791s] DEBUG:colcon.colcon_core.event_handler.log_command:Invoked command in '/home/maxim/projects/arm_driver-ws/build/perseus_arm' returned '0': CMAKE_PREFIX_PATH=${CMAKE_PREFIX_PATH}:/opt/ros/jazzy /usr/bin/cmake --install /home/maxim/projects/arm_driver-ws/build/perseus_arm
[4.794s] Level 1:colcon.colcon_core.environment:checking '/home/maxim/projects/arm_driver-ws/install/perseus_arm' for CMake module files
[4.794s] Level 1:colcon.colcon_core.environment:checking '/home/maxim/projects/arm_driver-ws/install/perseus_arm' for CMake config files
[4.795s] Level 1:colcon.colcon_core.shell:create_environment_hook('perseus_arm', 'cmake_prefix_path')
[4.795s] INFO:colcon.colcon_core.shell:Creating environment hook '/home/maxim/projects/arm_driver-ws/install/perseus_arm/share/perseus_arm/hook/cmake_prefix_path.ps1'
[4.796s] INFO:colcon.colcon_core.shell:Creating environment descriptor '/home/maxim/projects/arm_driver-ws/install/perseus_arm/share/perseus_arm/hook/cmake_prefix_path.dsv'
[4.796s] INFO:colcon.colcon_core.shell:Creating environment hook '/home/maxim/projects/arm_driver-ws/install/perseus_arm/share/perseus_arm/hook/cmake_prefix_path.sh'
[4.797s] Level 1:colcon.colcon_core.environment:checking '/home/maxim/projects/arm_driver-ws/install/perseus_arm/bin'
[4.797s] Level 1:colcon.colcon_core.environment:checking '/home/maxim/projects/arm_driver-ws/install/perseus_arm/lib/pkgconfig/perseus_arm.pc'
[4.797s] Level 1:colcon.colcon_core.environment:checking '/home/maxim/projects/arm_driver-ws/install/perseus_arm/lib/python3.12/site-packages'
[4.798s] Level 1:colcon.colcon_core.environment:checking '/home/maxim/projects/arm_driver-ws/install/perseus_arm/bin'
[4.798s] INFO:colcon.colcon_core.shell:Creating package script '/home/maxim/projects/arm_driver-ws/install/perseus_arm/share/perseus_arm/package.ps1'
[4.798s] INFO:colcon.colcon_core.shell:Creating package descriptor '/home/maxim/projects/arm_driver-ws/install/perseus_arm/share/perseus_arm/package.dsv'
[4.799s] INFO:colcon.colcon_core.shell:Creating package script '/home/maxim/projects/arm_driver-ws/install/perseus_arm/share/perseus_arm/package.sh'
[4.799s] INFO:colcon.colcon_core.shell:Creating package script '/home/maxim/projects/arm_driver-ws/install/perseus_arm/share/perseus_arm/package.bash'
[4.800s] INFO:colcon.colcon_core.shell:Creating package script '/home/maxim/projects/arm_driver-ws/install/perseus_arm/share/perseus_arm/package.zsh'
[4.801s] Level 1:colcon.colcon_core.environment:create_file_with_runtime_dependencies(/home/maxim/projects/arm_driver-ws/install/perseus_arm/share/colcon-core/packages/perseus_arm)
[4.802s] Level 1:colcon.colcon_core.environment:create_environment_scripts_only(perseus_arm)
[4.802s] Level 1:colcon.colcon_core.environment:checking '/home/maxim/projects/arm_driver-ws/install/perseus_arm' for CMake module files
[4.802s] Level 1:colcon.colcon_core.environment:checking '/home/maxim/projects/arm_driver-ws/install/perseus_arm' for CMake config files
[4.803s] Level 1:colcon.colcon_core.shell:create_environment_hook('perseus_arm', 'cmake_prefix_path')
[4.803s] INFO:colcon.colcon_core.shell:Creating environment hook '/home/maxim/projects/arm_driver-ws/install/perseus_arm/share/perseus_arm/hook/cmake_prefix_path.ps1'
[4.803s] INFO:colcon.colcon_core.shell:Creating environment descriptor '/home/maxim/projects/arm_driver-ws/install/perseus_arm/share/perseus_arm/hook/cmake_prefix_path.dsv'
[4.804s] INFO:colcon.colcon_core.shell:Creating environment hook '/home/maxim/projects/arm_driver-ws/install/perseus_arm/share/perseus_arm/hook/cmake_prefix_path.sh'
[4.804s] Level 1:colcon.colcon_core.environment:checking '/home/maxim/projects/arm_driver-ws/install/perseus_arm/bin'
[4.804s] Level 1:colcon.colcon_core.environment:checking '/home/maxim/projects/arm_driver-ws/install/perseus_arm/lib/pkgconfig/perseus_arm.pc'
[4.805s] Level 1:colcon.colcon_core.environment:checking '/home/maxim/projects/arm_driver-ws/install/perseus_arm/lib/python3.12/site-packages'
[4.805s] Level 1:colcon.colcon_core.environment:checking '/home/maxim/projects/arm_driver-ws/install/perseus_arm/bin'
[4.805s] INFO:colcon.colcon_core.shell:Creating package script '/home/maxim/projects/arm_driver-ws/install/perseus_arm/share/perseus_arm/package.ps1'
[4.806s] INFO:colcon.colcon_core.shell:Creating package descriptor '/home/maxim/projects/arm_driver-ws/install/perseus_arm/share/perseus_arm/package.dsv'
[4.807s] INFO:colcon.colcon_core.shell:Creating package script '/home/maxim/projects/arm_driver-ws/install/perseus_arm/share/perseus_arm/package.sh'
[4.807s] INFO:colcon.colcon_core.shell:Creating package script '/home/maxim/projects/arm_driver-ws/install/perseus_arm/share/perseus_arm/package.bash'
[4.808s] INFO:colcon.colcon_core.shell:Creating package script '/home/maxim/projects/arm_driver-ws/install/perseus_arm/share/perseus_arm/package.zsh'
[4.808s] Level 1:colcon.colcon_core.environment:create_file_with_runtime_dependencies(/home/maxim/projects/arm_driver-ws/install/perseus_arm/share/colcon-core/packages/perseus_arm)
[4.809s] DEBUG:colcon.colcon_parallel_executor.executor.parallel:closing loop
[4.810s] DEBUG:colcon.colcon_parallel_executor.executor.parallel:loop closed
[4.810s] DEBUG:colcon.colcon_parallel_executor.executor.parallel:run_until_complete finished with '0'
[4.810s] DEBUG:colcon.colcon_core.event_reactor:joining thread
[4.837s] INFO:colcon.colcon_core.plugin_system:Skipping extension 'colcon_notification.desktop_notification.notify_send': Could not find 'notify-send'
[4.838s] INFO:colcon.colcon_core.plugin_system:Skipping extension 'colcon_notification.desktop_notification.terminal_notifier': Not used on non-Darwin systems
[4.838s] INFO:colcon.colcon_core.plugin_system:Skipping extension 'colcon_notification.desktop_notification.win32': Not used on non-Windows systems
[4.838s] INFO:colcon.colcon_notification.desktop_notification:Sending desktop notification using 'notify2'
[4.839s] DEBUG:colcon.colcon_notification.desktop_notification.notify2:Failed to initialize notify2: org.freedesktop.DBus.Error.ServiceUnknown: The name org.freedesktop.Notifications was not provided by any .service files
[4.840s] DEBUG:colcon.colcon_core.event_reactor:joined thread
[4.840s] INFO:colcon.colcon_core.shell:Creating prefix script '/home/maxim/projects/arm_driver-ws/install/local_setup.ps1'
[4.841s] INFO:colcon.colcon_core.shell:Creating prefix util module '/home/maxim/projects/arm_driver-ws/install/_local_setup_util_ps1.py'
[4.843s] INFO:colcon.colcon_core.shell:Creating prefix chain script '/home/maxim/projects/arm_driver-ws/install/setup.ps1'
[4.845s] INFO:colcon.colcon_core.shell:Creating prefix script '/home/maxim/projects/arm_driver-ws/install/local_setup.sh'
[4.846s] INFO:colcon.colcon_core.shell:Creating prefix util module '/home/maxim/projects/arm_driver-ws/install/_local_setup_util_sh.py'
[4.846s] INFO:colcon.colcon_core.shell:Creating prefix chain script '/home/maxim/projects/arm_driver-ws/install/setup.sh'
[4.847s] INFO:colcon.colcon_core.shell:Creating prefix script '/home/maxim/projects/arm_driver-ws/install/local_setup.bash'
[4.848s] INFO:colcon.colcon_core.shell:Creating prefix chain script '/home/maxim/projects/arm_driver-ws/install/setup.bash'
[4.848s] INFO:colcon.colcon_core.shell:Creating prefix script '/home/maxim/projects/arm_driver-ws/install/local_setup.zsh'
[4.849s] INFO:colcon.colcon_core.shell:Creating prefix chain script '/home/maxim/projects/arm_driver-ws/install/setup.zsh'
