[0.103s] Invoking command in '/home/maxim/projects/arm_driver-ws/build/arm_moveit_config': CMAKE_PREFIX_PATH=/home/maxim/projects/arm_driver-ws/install/perseus_arm:/home/maxim/projects/arm_driver-ws/install/arm_moveit_config:/home/maxim/projects/arm_driver-ws/src/perseus_arm/install/perseus_arm:/opt/ros/jazzy/opt/gz_sim_vendor:/opt/ros/jazzy/opt/gz_sensors_vendor:/opt/ros/jazzy/opt/gz_physics_vendor:/opt/ros/jazzy/opt/sdformat_vendor:/opt/ros/jazzy/opt/gz_gui_vendor:/opt/ros/jazzy/opt/gz_transport_vendor:/opt/ros/jazzy/opt/gz_rendering_vendor:/opt/ros/jazzy/opt/gz_plugin_vendor:/opt/ros/jazzy/opt/gz_fuel_tools_vendor:/opt/ros/jazzy/opt/gz_msgs_vendor:/opt/ros/jazzy/opt/gz_common_vendor:/opt/ros/jazzy/opt/gz_math_vendor:/opt/ros/jazzy/opt/gz_utils_vendor:/opt/ros/jazzy/opt/gz_tools_vendor:/opt/ros/jazzy/opt/gz_ogre_next_vendor:/opt/ros/jazzy/opt/gz_dartsim_vendor:/opt/ros/jazzy/opt/gz_cmake_vendor:/opt/ros/jazzy /usr/bin/cmake --build /home/maxim/projects/arm_driver-ws/build/arm_moveit_config -- -j8 -l8
[0.243s] Invoked command in '/home/maxim/projects/arm_driver-ws/build/arm_moveit_config' returned '0': CMAKE_PREFIX_PATH=/home/maxim/projects/arm_driver-ws/install/perseus_arm:/home/maxim/projects/arm_driver-ws/install/arm_moveit_config:/home/maxim/projects/arm_driver-ws/src/perseus_arm/install/perseus_arm:/opt/ros/jazzy/opt/gz_sim_vendor:/opt/ros/jazzy/opt/gz_sensors_vendor:/opt/ros/jazzy/opt/gz_physics_vendor:/opt/ros/jazzy/opt/sdformat_vendor:/opt/ros/jazzy/opt/gz_gui_vendor:/opt/ros/jazzy/opt/gz_transport_vendor:/opt/ros/jazzy/opt/gz_rendering_vendor:/opt/ros/jazzy/opt/gz_plugin_vendor:/opt/ros/jazzy/opt/gz_fuel_tools_vendor:/opt/ros/jazzy/opt/gz_msgs_vendor:/opt/ros/jazzy/opt/gz_common_vendor:/opt/ros/jazzy/opt/gz_math_vendor:/opt/ros/jazzy/opt/gz_utils_vendor:/opt/ros/jazzy/opt/gz_tools_vendor:/opt/ros/jazzy/opt/gz_ogre_next_vendor:/opt/ros/jazzy/opt/gz_dartsim_vendor:/opt/ros/jazzy/opt/gz_cmake_vendor:/opt/ros/jazzy /usr/bin/cmake --build /home/maxim/projects/arm_driver-ws/build/arm_moveit_config -- -j8 -l8
[0.249s] Invoking command in '/home/maxim/projects/arm_driver-ws/build/arm_moveit_config': CMAKE_PREFIX_PATH=/home/maxim/projects/arm_driver-ws/install/perseus_arm:/home/maxim/projects/arm_driver-ws/install/arm_moveit_config:/home/maxim/projects/arm_driver-ws/src/perseus_arm/install/perseus_arm:/opt/ros/jazzy/opt/gz_sim_vendor:/opt/ros/jazzy/opt/gz_sensors_vendor:/opt/ros/jazzy/opt/gz_physics_vendor:/opt/ros/jazzy/opt/sdformat_vendor:/opt/ros/jazzy/opt/gz_gui_vendor:/opt/ros/jazzy/opt/gz_transport_vendor:/opt/ros/jazzy/opt/gz_rendering_vendor:/opt/ros/jazzy/opt/gz_plugin_vendor:/opt/ros/jazzy/opt/gz_fuel_tools_vendor:/opt/ros/jazzy/opt/gz_msgs_vendor:/opt/ros/jazzy/opt/gz_common_vendor:/opt/ros/jazzy/opt/gz_math_vendor:/opt/ros/jazzy/opt/gz_utils_vendor:/opt/ros/jazzy/opt/gz_tools_vendor:/opt/ros/jazzy/opt/gz_ogre_next_vendor:/opt/ros/jazzy/opt/gz_dartsim_vendor:/opt/ros/jazzy/opt/gz_cmake_vendor:/opt/ros/jazzy /usr/bin/cmake --install /home/maxim/projects/arm_driver-ws/build/arm_moveit_config
[0.280s] -- Install configuration: ""
[0.281s] -- Up-to-date: /home/maxim/projects/arm_driver-ws/install/arm_moveit_config/share/ament_index/resource_index/package_run_dependencies/arm_moveit_config
[0.282s] -- Up-to-date: /home/maxim/projects/arm_driver-ws/install/arm_moveit_config/share/ament_index/resource_index/parent_prefix_path/arm_moveit_config
[0.282s] -- Up-to-date: /home/maxim/projects/arm_driver-ws/install/arm_moveit_config/share/arm_moveit_config/environment/ament_prefix_path.sh
[0.283s] -- Up-to-date: /home/maxim/projects/arm_driver-ws/install/arm_moveit_config/share/arm_moveit_config/environment/ament_prefix_path.dsv
[0.284s] -- Up-to-date: /home/maxim/projects/arm_driver-ws/install/arm_moveit_config/share/arm_moveit_config/environment/path.sh
[0.284s] -- Up-to-date: /home/maxim/projects/arm_driver-ws/install/arm_moveit_config/share/arm_moveit_config/environment/path.dsv
[0.284s] -- Up-to-date: /home/maxim/projects/arm_driver-ws/install/arm_moveit_config/share/arm_moveit_config/local_setup.bash
[0.285s] -- Up-to-date: /home/maxim/projects/arm_driver-ws/install/arm_moveit_config/share/arm_moveit_config/local_setup.sh
[0.285s] -- Up-to-date: /home/maxim/projects/arm_driver-ws/install/arm_moveit_config/share/arm_moveit_config/local_setup.zsh
[0.286s] -- Up-to-date: /home/maxim/projects/arm_driver-ws/install/arm_moveit_config/share/arm_moveit_config/local_setup.dsv
[0.287s] -- Installing: /home/maxim/projects/arm_driver-ws/install/arm_moveit_config/share/arm_moveit_config/package.dsv
[0.287s] -- Up-to-date: /home/maxim/projects/arm_driver-ws/install/arm_moveit_config/share/ament_index/resource_index/packages/arm_moveit_config
[0.288s] -- Up-to-date: /home/maxim/projects/arm_driver-ws/install/arm_moveit_config/share/arm_moveit_config/cmake/arm_moveit_configConfig.cmake
[0.290s] -- Up-to-date: /home/maxim/projects/arm_driver-ws/install/arm_moveit_config/share/arm_moveit_config/cmake/arm_moveit_configConfig-version.cmake
[0.291s] -- Up-to-date: /home/maxim/projects/arm_driver-ws/install/arm_moveit_config/share/arm_moveit_config/package.xml
[0.292s] -- Up-to-date: /home/maxim/projects/arm_driver-ws/install/arm_moveit_config/share/arm_moveit_config/launch
[0.292s] -- Up-to-date: /home/maxim/projects/arm_driver-ws/install/arm_moveit_config/share/arm_moveit_config/launch/setup_assistant.launch.py
[0.293s] -- Up-to-date: /home/maxim/projects/arm_driver-ws/install/arm_moveit_config/share/arm_moveit_config/launch/demo.launch.py
[0.294s] -- Up-to-date: /home/maxim/projects/arm_driver-ws/install/arm_moveit_config/share/arm_moveit_config/launch/rsp.launch.py
[0.295s] -- Up-to-date: /home/maxim/projects/arm_driver-ws/install/arm_moveit_config/share/arm_moveit_config/launch/moveit_rviz.launch.py
[0.296s] -- Up-to-date: /home/maxim/projects/arm_driver-ws/install/arm_moveit_config/share/arm_moveit_config/launch/warehouse_db.launch.py
[0.297s] -- Up-to-date: /home/maxim/projects/arm_driver-ws/install/arm_moveit_config/share/arm_moveit_config/launch/spawn_controllers.launch.py
[0.298s] -- Up-to-date: /home/maxim/projects/arm_driver-ws/install/arm_moveit_config/share/arm_moveit_config/launch/static_virtual_joint_tfs.launch.py
[0.299s] -- Up-to-date: /home/maxim/projects/arm_driver-ws/install/arm_moveit_config/share/arm_moveit_config/launch/move_group.launch.py
[0.300s] -- Up-to-date: /home/maxim/projects/arm_driver-ws/install/arm_moveit_config/share/arm_moveit_config/config
[0.301s] -- Up-to-date: /home/maxim/projects/arm_driver-ws/install/arm_moveit_config/share/arm_moveit_config/config/moveit_controllers.yaml
[0.302s] -- Up-to-date: /home/maxim/projects/arm_driver-ws/install/arm_moveit_config/share/arm_moveit_config/config/kinematics.yaml
[0.303s] -- Up-to-date: /home/maxim/projects/arm_driver-ws/install/arm_moveit_config/share/arm_moveit_config/config/moveit.rviz
[0.303s] -- Up-to-date: /home/maxim/projects/arm_driver-ws/install/arm_moveit_config/share/arm_moveit_config/config/my-robot-urdf.ros2_control.xacro
[0.304s] -- Up-to-date: /home/maxim/projects/arm_driver-ws/install/arm_moveit_config/share/arm_moveit_config/config/ros2_controllers.yaml
[0.305s] -- Up-to-date: /home/maxim/projects/arm_driver-ws/install/arm_moveit_config/share/arm_moveit_config/config/my-robot-urdf.srdf
[0.306s] -- Up-to-date: /home/maxim/projects/arm_driver-ws/install/arm_moveit_config/share/arm_moveit_config/config/initial_positions.yaml
[0.307s] -- Up-to-date: /home/maxim/projects/arm_driver-ws/install/arm_moveit_config/share/arm_moveit_config/config/pilz_cartesian_limits.yaml
[0.310s] -- Up-to-date: /home/maxim/projects/arm_driver-ws/install/arm_moveit_config/share/arm_moveit_config/config/joint_limits.yaml
[0.311s] -- Up-to-date: /home/maxim/projects/arm_driver-ws/install/arm_moveit_config/share/arm_moveit_config/config/my-robot-urdf.urdf.xacro
[0.312s] -- Up-to-date: /home/maxim/projects/arm_driver-ws/install/arm_moveit_config/share/arm_moveit_config/.setup_assistant
[0.317s] Invoked command in '/home/maxim/projects/arm_driver-ws/build/arm_moveit_config' returned '0': CMAKE_PREFIX_PATH=/home/maxim/projects/arm_driver-ws/install/perseus_arm:/home/maxim/projects/arm_driver-ws/install/arm_moveit_config:/home/maxim/projects/arm_driver-ws/src/perseus_arm/install/perseus_arm:/opt/ros/jazzy/opt/gz_sim_vendor:/opt/ros/jazzy/opt/gz_sensors_vendor:/opt/ros/jazzy/opt/gz_physics_vendor:/opt/ros/jazzy/opt/sdformat_vendor:/opt/ros/jazzy/opt/gz_gui_vendor:/opt/ros/jazzy/opt/gz_transport_vendor:/opt/ros/jazzy/opt/gz_rendering_vendor:/opt/ros/jazzy/opt/gz_plugin_vendor:/opt/ros/jazzy/opt/gz_fuel_tools_vendor:/opt/ros/jazzy/opt/gz_msgs_vendor:/opt/ros/jazzy/opt/gz_common_vendor:/opt/ros/jazzy/opt/gz_math_vendor:/opt/ros/jazzy/opt/gz_utils_vendor:/opt/ros/jazzy/opt/gz_tools_vendor:/opt/ros/jazzy/opt/gz_ogre_next_vendor:/opt/ros/jazzy/opt/gz_dartsim_vendor:/opt/ros/jazzy/opt/gz_cmake_vendor:/opt/ros/jazzy /usr/bin/cmake --install /home/maxim/projects/arm_driver-ws/build/arm_moveit_config
