[0.362s] DEBUG:colcon:Command line arguments: ['/usr/bin/colcon', 'build']
[0.362s] DEBUG:colcon:Parsed command line arguments: Namespace(log_base=None, log_level=None, verb_name='build', build_base='build', install_base='install', merge_install=False, symlink_install=False, test_result_base=None, continue_on_error=False, executor='parallel', parallel_workers=8, event_handlers=None, ignore_user_meta=False, metas=['./colcon.meta'], base_paths=['.'], packages_ignore=None, packages_ignore_regex=None, paths=None, packages_up_to=None, packages_up_to_regex=None, packages_above=None, packages_above_and_dependencies=None, packages_above_depth=None, packages_select_by_dep=None, packages_skip_by_dep=None, packages_skip_up_to=None, packages_select_build_failed=False, packages_skip_build_finished=False, packages_select_test_failures=False, packages_skip_test_passed=False, packages_select=None, packages_skip=None, packages_select_regex=None, packages_skip_regex=None, packages_start=None, packages_end=None, allow_overriding=[], cmake_args=None, cmake_target=None, cmake_target_skip_unavailable=False, cmake_clean_cache=False, cmake_clean_first=False, cmake_force_configure=False, ament_cmake_args=None, catkin_cmake_args=None, catkin_skip_building_tests=False, mixin_files=None, mixin=None, verb_parser=<colcon_mixin.mixin.mixin_argument.MixinArgumentDecorator object at 0x7f8080386840>, verb_extension=<colcon_core.verb.build.BuildVerb object at 0x7f8080386450>, main=<bound method BuildVerb.main of <colcon_core.verb.build.BuildVerb object at 0x7f8080386450>>, mixin_verb=('build',))
[0.430s] Level 1:colcon.colcon_core.package_discovery:discover_packages(colcon_meta) check parameters
[0.430s] Level 1:colcon.colcon_core.package_discovery:discover_packages(recursive) check parameters
[0.430s] Level 1:colcon.colcon_core.package_discovery:discover_packages(ignore) check parameters
[0.430s] Level 1:colcon.colcon_core.package_discovery:discover_packages(path) check parameters
[0.430s] Level 1:colcon.colcon_core.package_discovery:discover_packages(colcon_meta) discover
[0.431s] Level 1:colcon.colcon_core.package_discovery:discover_packages(recursive) discover
[0.431s] INFO:colcon.colcon_core.package_discovery:Crawling recursively for packages in '/home/maxim/projects/arm_driver-ws'
[0.431s] Level 1:colcon.colcon_core.package_identification:_identify(.) by extensions ['ignore', 'ignore_ament_install']
[0.431s] Level 1:colcon.colcon_core.package_identification:_identify(.) by extension 'ignore'
[0.431s] Level 1:colcon.colcon_core.package_identification:_identify(.) by extension 'ignore_ament_install'
[0.431s] Level 1:colcon.colcon_core.package_identification:_identify(.) by extensions ['colcon_pkg']
[0.431s] Level 1:colcon.colcon_core.package_identification:_identify(.) by extension 'colcon_pkg'
[0.431s] Level 1:colcon.colcon_core.package_identification:_identify(.) by extensions ['colcon_meta']
[0.431s] Level 1:colcon.colcon_core.package_identification:_identify(.) by extension 'colcon_meta'
[0.432s] Level 1:colcon.colcon_core.package_identification:_identify(.) by extensions ['ros']
[0.432s] Level 1:colcon.colcon_core.package_identification:_identify(.) by extension 'ros'
[0.478s] Level 1:colcon.colcon_core.package_identification:_identify(.) by extensions ['cmake', 'python']
[0.478s] Level 1:colcon.colcon_core.package_identification:_identify(.) by extension 'cmake'
[0.478s] Level 1:colcon.colcon_core.package_identification:_identify(.) by extension 'python'
[0.479s] Level 1:colcon.colcon_core.package_identification:_identify(.) by extensions ['python_setup_py']
[0.479s] Level 1:colcon.colcon_core.package_identification:_identify(.) by extension 'python_setup_py'
[0.479s] Level 1:colcon.colcon_core.package_identification:_identify(build) by extensions ['ignore', 'ignore_ament_install']
[0.479s] Level 1:colcon.colcon_core.package_identification:_identify(build) by extension 'ignore'
[0.479s] Level 1:colcon.colcon_core.package_identification:_identify(build) ignored
[0.479s] Level 1:colcon.colcon_core.package_identification:_identify(install) by extensions ['ignore', 'ignore_ament_install']
[0.480s] Level 1:colcon.colcon_core.package_identification:_identify(install) by extension 'ignore'
[0.480s] Level 1:colcon.colcon_core.package_identification:_identify(install) ignored
[0.480s] Level 1:colcon.colcon_core.package_identification:_identify(log) by extensions ['ignore', 'ignore_ament_install']
[0.480s] Level 1:colcon.colcon_core.package_identification:_identify(log) by extension 'ignore'
[0.480s] Level 1:colcon.colcon_core.package_identification:_identify(log) ignored
[0.480s] Level 1:colcon.colcon_core.package_identification:_identify(src) by extensions ['ignore', 'ignore_ament_install']
[0.480s] Level 1:colcon.colcon_core.package_identification:_identify(src) by extension 'ignore'
[0.480s] Level 1:colcon.colcon_core.package_identification:_identify(src) by extension 'ignore_ament_install'
[0.481s] Level 1:colcon.colcon_core.package_identification:_identify(src) by extensions ['colcon_pkg']
[0.481s] Level 1:colcon.colcon_core.package_identification:_identify(src) by extension 'colcon_pkg'
[0.481s] Level 1:colcon.colcon_core.package_identification:_identify(src) by extensions ['colcon_meta']
[0.481s] Level 1:colcon.colcon_core.package_identification:_identify(src) by extension 'colcon_meta'
[0.481s] Level 1:colcon.colcon_core.package_identification:_identify(src) by extensions ['ros']
[0.481s] Level 1:colcon.colcon_core.package_identification:_identify(src) by extension 'ros'
[0.481s] Level 1:colcon.colcon_core.package_identification:_identify(src) by extensions ['cmake', 'python']
[0.481s] Level 1:colcon.colcon_core.package_identification:_identify(src) by extension 'cmake'
[0.481s] Level 1:colcon.colcon_core.package_identification:_identify(src) by extension 'python'
[0.481s] Level 1:colcon.colcon_core.package_identification:_identify(src) by extensions ['python_setup_py']
[0.481s] Level 1:colcon.colcon_core.package_identification:_identify(src) by extension 'python_setup_py'
[0.482s] Level 1:colcon.colcon_core.package_identification:_identify(src/arm_moveit_config) by extensions ['ignore', 'ignore_ament_install']
[0.482s] Level 1:colcon.colcon_core.package_identification:_identify(src/arm_moveit_config) by extension 'ignore'
[0.482s] Level 1:colcon.colcon_core.package_identification:_identify(src/arm_moveit_config) by extension 'ignore_ament_install'
[0.482s] Level 1:colcon.colcon_core.package_identification:_identify(src/arm_moveit_config) by extensions ['colcon_pkg']
[0.482s] Level 1:colcon.colcon_core.package_identification:_identify(src/arm_moveit_config) by extension 'colcon_pkg'
[0.482s] Level 1:colcon.colcon_core.package_identification:_identify(src/arm_moveit_config) by extensions ['colcon_meta']
[0.482s] Level 1:colcon.colcon_core.package_identification:_identify(src/arm_moveit_config) by extension 'colcon_meta'
[0.482s] Level 1:colcon.colcon_core.package_identification:_identify(src/arm_moveit_config) by extensions ['ros']
[0.482s] Level 1:colcon.colcon_core.package_identification:_identify(src/arm_moveit_config) by extension 'ros'
[0.487s] DEBUG:colcon.colcon_core.package_identification:Package 'src/arm_moveit_config' with type 'ros.ament_cmake' and name 'arm_moveit_config'
[0.487s] Level 1:colcon.colcon_core.package_identification:_identify(src/perseus_arm) by extensions ['ignore', 'ignore_ament_install']
[0.487s] Level 1:colcon.colcon_core.package_identification:_identify(src/perseus_arm) by extension 'ignore'
[0.487s] Level 1:colcon.colcon_core.package_identification:_identify(src/perseus_arm) by extension 'ignore_ament_install'
[0.488s] Level 1:colcon.colcon_core.package_identification:_identify(src/perseus_arm) by extensions ['colcon_pkg']
[0.488s] Level 1:colcon.colcon_core.package_identification:_identify(src/perseus_arm) by extension 'colcon_pkg'
[0.488s] Level 1:colcon.colcon_core.package_identification:_identify(src/perseus_arm) by extensions ['colcon_meta']
[0.488s] Level 1:colcon.colcon_core.package_identification:_identify(src/perseus_arm) by extension 'colcon_meta'
[0.488s] Level 1:colcon.colcon_core.package_identification:_identify(src/perseus_arm) by extensions ['ros']
[0.488s] Level 1:colcon.colcon_core.package_identification:_identify(src/perseus_arm) by extension 'ros'
[0.491s] DEBUG:colcon.colcon_core.package_identification:Package 'src/perseus_arm' with type 'ros.ament_cmake' and name 'perseus_arm'
[0.491s] Level 1:colcon.colcon_core.package_discovery:discover_packages(recursive) using defaults
[0.491s] Level 1:colcon.colcon_core.package_discovery:discover_packages(ignore) discover
[0.491s] Level 1:colcon.colcon_core.package_discovery:discover_packages(ignore) using defaults
[0.491s] Level 1:colcon.colcon_core.package_discovery:discover_packages(path) discover
[0.491s] Level 1:colcon.colcon_core.package_discovery:discover_packages(path) using defaults
[0.523s] Level 1:colcon.colcon_core.package_discovery:discover_packages(prefix_path) check parameters
[0.523s] Level 1:colcon.colcon_core.package_discovery:discover_packages(prefix_path) discover
[0.525s] WARNING:colcon.colcon_core.prefix_path.colcon:The path '/home/maxim/projects/arm_driver-ws/src/perseus_arm/install' in the environment variable COLCON_PREFIX_PATH doesn't exist
[0.526s] WARNING:colcon.colcon_ros.prefix_path.ament:The path '/home/maxim/projects/arm_driver-ws/src/perseus_arm/install/perseus_arm' in the environment variable AMENT_PREFIX_PATH doesn't exist
[0.526s] WARNING:colcon.colcon_ros.prefix_path.catkin:The path '/home/maxim/projects/arm_driver-ws/src/perseus_arm/install/perseus_arm' in the environment variable CMAKE_PREFIX_PATH doesn't exist
[0.528s] DEBUG:colcon.colcon_installed_package_information.package_discovery:Found 2 installed packages in /home/maxim/projects/arm_driver-ws/install
[0.531s] DEBUG:colcon.colcon_installed_package_information.package_discovery:Found 402 installed packages in /opt/ros/jazzy
[0.534s] Level 1:colcon.colcon_core.package_discovery:discover_packages(prefix_path) using defaults
[0.629s] Level 5:colcon.colcon_core.verb:set package 'perseus_arm' build argument 'cmake_args' from command line to 'None'
[0.629s] Level 5:colcon.colcon_core.verb:set package 'perseus_arm' build argument 'cmake_target' from command line to 'None'
[0.629s] Level 5:colcon.colcon_core.verb:set package 'perseus_arm' build argument 'cmake_target_skip_unavailable' from command line to 'False'
[0.629s] Level 5:colcon.colcon_core.verb:set package 'perseus_arm' build argument 'cmake_clean_cache' from command line to 'False'
[0.629s] Level 5:colcon.colcon_core.verb:set package 'perseus_arm' build argument 'cmake_clean_first' from command line to 'False'
[0.629s] Level 5:colcon.colcon_core.verb:set package 'perseus_arm' build argument 'cmake_force_configure' from command line to 'False'
[0.629s] Level 5:colcon.colcon_core.verb:set package 'perseus_arm' build argument 'ament_cmake_args' from command line to 'None'
[0.629s] Level 5:colcon.colcon_core.verb:set package 'perseus_arm' build argument 'catkin_cmake_args' from command line to 'None'
[0.629s] Level 5:colcon.colcon_core.verb:set package 'perseus_arm' build argument 'catkin_skip_building_tests' from command line to 'False'
[0.629s] DEBUG:colcon.colcon_core.verb:Building package 'perseus_arm' with the following arguments: {'ament_cmake_args': None, 'build_base': '/home/maxim/projects/arm_driver-ws/build/perseus_arm', 'catkin_cmake_args': None, 'catkin_skip_building_tests': False, 'cmake_args': None, 'cmake_clean_cache': False, 'cmake_clean_first': False, 'cmake_force_configure': False, 'cmake_target': None, 'cmake_target_skip_unavailable': False, 'install_base': '/home/maxim/projects/arm_driver-ws/install/perseus_arm', 'merge_install': False, 'path': '/home/maxim/projects/arm_driver-ws/src/perseus_arm', 'symlink_install': False, 'test_result_base': None}
[0.629s] Level 5:colcon.colcon_core.verb:set package 'arm_moveit_config' build argument 'cmake_args' from command line to 'None'
[0.630s] Level 5:colcon.colcon_core.verb:set package 'arm_moveit_config' build argument 'cmake_target' from command line to 'None'
[0.630s] Level 5:colcon.colcon_core.verb:set package 'arm_moveit_config' build argument 'cmake_target_skip_unavailable' from command line to 'False'
[0.630s] Level 5:colcon.colcon_core.verb:set package 'arm_moveit_config' build argument 'cmake_clean_cache' from command line to 'False'
[0.630s] Level 5:colcon.colcon_core.verb:set package 'arm_moveit_config' build argument 'cmake_clean_first' from command line to 'False'
[0.630s] Level 5:colcon.colcon_core.verb:set package 'arm_moveit_config' build argument 'cmake_force_configure' from command line to 'False'
[0.630s] Level 5:colcon.colcon_core.verb:set package 'arm_moveit_config' build argument 'ament_cmake_args' from command line to 'None'
[0.630s] Level 5:colcon.colcon_core.verb:set package 'arm_moveit_config' build argument 'catkin_cmake_args' from command line to 'None'
[0.630s] Level 5:colcon.colcon_core.verb:set package 'arm_moveit_config' build argument 'catkin_skip_building_tests' from command line to 'False'
[0.630s] DEBUG:colcon.colcon_core.verb:Building package 'arm_moveit_config' with the following arguments: {'ament_cmake_args': None, 'build_base': '/home/maxim/projects/arm_driver-ws/build/arm_moveit_config', 'catkin_cmake_args': None, 'catkin_skip_building_tests': False, 'cmake_args': None, 'cmake_clean_cache': False, 'cmake_clean_first': False, 'cmake_force_configure': False, 'cmake_target': None, 'cmake_target_skip_unavailable': False, 'install_base': '/home/maxim/projects/arm_driver-ws/install/arm_moveit_config', 'merge_install': False, 'path': '/home/maxim/projects/arm_driver-ws/src/arm_moveit_config', 'symlink_install': False, 'test_result_base': None}
[0.630s] INFO:colcon.colcon_core.executor:Executing jobs using 'parallel' executor
[0.631s] DEBUG:colcon.colcon_parallel_executor.executor.parallel:run_until_complete
[0.632s] INFO:colcon.colcon_ros.task.ament_cmake.build:Building ROS package in '/home/maxim/projects/arm_driver-ws/src/perseus_arm' with build type 'ament_cmake'
[0.632s] INFO:colcon.colcon_cmake.task.cmake.build:Building CMake package in '/home/maxim/projects/arm_driver-ws/src/perseus_arm'
[0.636s] INFO:colcon.colcon_core.plugin_system:Skipping extension 'colcon_core.shell.bat': Not used on non-Windows systems
[0.636s] INFO:colcon.colcon_core.shell:Skip shell extension 'powershell' for command environment: Not usable outside of PowerShell
[0.636s] DEBUG:colcon.colcon_core.shell:Skip shell extension 'dsv' for command environment
[0.653s] DEBUG:colcon.colcon_core.event_handler.log_command:Invoking command in '/home/maxim/projects/arm_driver-ws/build/perseus_arm': CMAKE_PREFIX_PATH=${CMAKE_PREFIX_PATH}:/opt/ros/jazzy /usr/bin/cmake --build /home/maxim/projects/arm_driver-ws/build/perseus_arm -- -j8 -l8
[7.993s] DEBUG:colcon.colcon_core.event_handler.log_command:Invoked command in '/home/maxim/projects/arm_driver-ws/build/perseus_arm' returned '0': CMAKE_PREFIX_PATH=${CMAKE_PREFIX_PATH}:/opt/ros/jazzy /usr/bin/cmake --build /home/maxim/projects/arm_driver-ws/build/perseus_arm -- -j8 -l8
[8.059s] DEBUG:colcon.colcon_core.event_handler.log_command:Invoking command in '/home/maxim/projects/arm_driver-ws/build/perseus_arm': CMAKE_PREFIX_PATH=${CMAKE_PREFIX_PATH}:/opt/ros/jazzy /usr/bin/cmake --install /home/maxim/projects/arm_driver-ws/build/perseus_arm
[8.159s] Level 1:colcon.colcon_core.environment:create_environment_scripts_only(perseus_arm)
[8.161s] DEBUG:colcon.colcon_core.event_handler.log_command:Invoked command in '/home/maxim/projects/arm_driver-ws/build/perseus_arm' returned '0': CMAKE_PREFIX_PATH=${CMAKE_PREFIX_PATH}:/opt/ros/jazzy /usr/bin/cmake --install /home/maxim/projects/arm_driver-ws/build/perseus_arm
[8.169s] Level 1:colcon.colcon_core.environment:checking '/home/maxim/projects/arm_driver-ws/install/perseus_arm' for CMake module files
[8.171s] Level 1:colcon.colcon_core.environment:checking '/home/maxim/projects/arm_driver-ws/install/perseus_arm' for CMake config files
[8.172s] Level 1:colcon.colcon_core.shell:create_environment_hook('perseus_arm', 'cmake_prefix_path')
[8.173s] INFO:colcon.colcon_core.shell:Creating environment hook '/home/maxim/projects/arm_driver-ws/install/perseus_arm/share/perseus_arm/hook/cmake_prefix_path.ps1'
[8.175s] INFO:colcon.colcon_core.shell:Creating environment descriptor '/home/maxim/projects/arm_driver-ws/install/perseus_arm/share/perseus_arm/hook/cmake_prefix_path.dsv'
[8.176s] INFO:colcon.colcon_core.shell:Creating environment hook '/home/maxim/projects/arm_driver-ws/install/perseus_arm/share/perseus_arm/hook/cmake_prefix_path.sh'
[8.180s] Level 1:colcon.colcon_core.environment:checking '/home/maxim/projects/arm_driver-ws/install/perseus_arm/bin'
[8.180s] Level 1:colcon.colcon_core.environment:checking '/home/maxim/projects/arm_driver-ws/install/perseus_arm/lib/pkgconfig/perseus_arm.pc'
[8.181s] Level 1:colcon.colcon_core.environment:checking '/home/maxim/projects/arm_driver-ws/install/perseus_arm/lib/python3.12/site-packages'
[8.182s] Level 1:colcon.colcon_core.environment:checking '/home/maxim/projects/arm_driver-ws/install/perseus_arm/bin'
[8.183s] INFO:colcon.colcon_core.shell:Creating package script '/home/maxim/projects/arm_driver-ws/install/perseus_arm/share/perseus_arm/package.ps1'
[8.185s] INFO:colcon.colcon_core.shell:Creating package descriptor '/home/maxim/projects/arm_driver-ws/install/perseus_arm/share/perseus_arm/package.dsv'
[8.187s] INFO:colcon.colcon_core.shell:Creating package script '/home/maxim/projects/arm_driver-ws/install/perseus_arm/share/perseus_arm/package.sh'
[8.190s] INFO:colcon.colcon_core.shell:Creating package script '/home/maxim/projects/arm_driver-ws/install/perseus_arm/share/perseus_arm/package.bash'
[8.192s] INFO:colcon.colcon_core.shell:Creating package script '/home/maxim/projects/arm_driver-ws/install/perseus_arm/share/perseus_arm/package.zsh'
[8.194s] Level 1:colcon.colcon_core.environment:create_file_with_runtime_dependencies(/home/maxim/projects/arm_driver-ws/install/perseus_arm/share/colcon-core/packages/perseus_arm)
[8.196s] Level 1:colcon.colcon_core.environment:create_environment_scripts_only(perseus_arm)
[8.197s] Level 1:colcon.colcon_core.environment:checking '/home/maxim/projects/arm_driver-ws/install/perseus_arm' for CMake module files
[8.200s] Level 1:colcon.colcon_core.environment:checking '/home/maxim/projects/arm_driver-ws/install/perseus_arm' for CMake config files
[8.201s] Level 1:colcon.colcon_core.shell:create_environment_hook('perseus_arm', 'cmake_prefix_path')
[8.202s] INFO:colcon.colcon_core.shell:Creating environment hook '/home/maxim/projects/arm_driver-ws/install/perseus_arm/share/perseus_arm/hook/cmake_prefix_path.ps1'
[8.203s] INFO:colcon.colcon_core.shell:Creating environment descriptor '/home/maxim/projects/arm_driver-ws/install/perseus_arm/share/perseus_arm/hook/cmake_prefix_path.dsv'
[8.204s] INFO:colcon.colcon_core.shell:Creating environment hook '/home/maxim/projects/arm_driver-ws/install/perseus_arm/share/perseus_arm/hook/cmake_prefix_path.sh'
[8.206s] Level 1:colcon.colcon_core.environment:checking '/home/maxim/projects/arm_driver-ws/install/perseus_arm/bin'
[8.207s] Level 1:colcon.colcon_core.environment:checking '/home/maxim/projects/arm_driver-ws/install/perseus_arm/lib/pkgconfig/perseus_arm.pc'
[8.207s] Level 1:colcon.colcon_core.environment:checking '/home/maxim/projects/arm_driver-ws/install/perseus_arm/lib/python3.12/site-packages'
[8.208s] Level 1:colcon.colcon_core.environment:checking '/home/maxim/projects/arm_driver-ws/install/perseus_arm/bin'
[8.209s] INFO:colcon.colcon_core.shell:Creating package script '/home/maxim/projects/arm_driver-ws/install/perseus_arm/share/perseus_arm/package.ps1'
[8.211s] INFO:colcon.colcon_core.shell:Creating package descriptor '/home/maxim/projects/arm_driver-ws/install/perseus_arm/share/perseus_arm/package.dsv'
[8.213s] INFO:colcon.colcon_core.shell:Creating package script '/home/maxim/projects/arm_driver-ws/install/perseus_arm/share/perseus_arm/package.sh'
[8.214s] INFO:colcon.colcon_core.shell:Creating package script '/home/maxim/projects/arm_driver-ws/install/perseus_arm/share/perseus_arm/package.bash'
[8.216s] INFO:colcon.colcon_core.shell:Creating package script '/home/maxim/projects/arm_driver-ws/install/perseus_arm/share/perseus_arm/package.zsh'
[8.218s] Level 1:colcon.colcon_core.environment:create_file_with_runtime_dependencies(/home/maxim/projects/arm_driver-ws/install/perseus_arm/share/colcon-core/packages/perseus_arm)
[8.219s] INFO:colcon.colcon_ros.task.ament_cmake.build:Building ROS package in '/home/maxim/projects/arm_driver-ws/src/arm_moveit_config' with build type 'ament_cmake'
[8.219s] INFO:colcon.colcon_cmake.task.cmake.build:Building CMake package in '/home/maxim/projects/arm_driver-ws/src/arm_moveit_config'
[8.221s] INFO:colcon.colcon_core.shell:Skip shell extension 'powershell' for command environment: Not usable outside of PowerShell
[8.222s] DEBUG:colcon.colcon_core.shell:Skip shell extension 'dsv' for command environment
[8.328s] DEBUG:colcon.colcon_core.event_handler.log_command:Invoking command in '/home/maxim/projects/arm_driver-ws/build/arm_moveit_config': CMAKE_PREFIX_PATH=/home/maxim/projects/arm_driver-ws/install/perseus_arm:/home/maxim/projects/arm_driver-ws/install/arm_moveit_config:/home/maxim/projects/arm_driver-ws/src/perseus_arm/install/perseus_arm:/opt/ros/jazzy/opt/gz_sim_vendor:/opt/ros/jazzy/opt/gz_sensors_vendor:/opt/ros/jazzy/opt/gz_physics_vendor:/opt/ros/jazzy/opt/sdformat_vendor:/opt/ros/jazzy/opt/gz_gui_vendor:/opt/ros/jazzy/opt/gz_transport_vendor:/opt/ros/jazzy/opt/gz_rendering_vendor:/opt/ros/jazzy/opt/gz_plugin_vendor:/opt/ros/jazzy/opt/gz_fuel_tools_vendor:/opt/ros/jazzy/opt/gz_msgs_vendor:/opt/ros/jazzy/opt/gz_common_vendor:/opt/ros/jazzy/opt/gz_math_vendor:/opt/ros/jazzy/opt/gz_utils_vendor:/opt/ros/jazzy/opt/gz_tools_vendor:/opt/ros/jazzy/opt/gz_ogre_next_vendor:/opt/ros/jazzy/opt/gz_dartsim_vendor:/opt/ros/jazzy/opt/gz_cmake_vendor:/opt/ros/jazzy /usr/bin/cmake --build /home/maxim/projects/arm_driver-ws/build/arm_moveit_config -- -j8 -l8
[8.468s] DEBUG:colcon.colcon_core.event_handler.log_command:Invoked command in '/home/maxim/projects/arm_driver-ws/build/arm_moveit_config' returned '0': CMAKE_PREFIX_PATH=/home/maxim/projects/arm_driver-ws/install/perseus_arm:/home/maxim/projects/arm_driver-ws/install/arm_moveit_config:/home/maxim/projects/arm_driver-ws/src/perseus_arm/install/perseus_arm:/opt/ros/jazzy/opt/gz_sim_vendor:/opt/ros/jazzy/opt/gz_sensors_vendor:/opt/ros/jazzy/opt/gz_physics_vendor:/opt/ros/jazzy/opt/sdformat_vendor:/opt/ros/jazzy/opt/gz_gui_vendor:/opt/ros/jazzy/opt/gz_transport_vendor:/opt/ros/jazzy/opt/gz_rendering_vendor:/opt/ros/jazzy/opt/gz_plugin_vendor:/opt/ros/jazzy/opt/gz_fuel_tools_vendor:/opt/ros/jazzy/opt/gz_msgs_vendor:/opt/ros/jazzy/opt/gz_common_vendor:/opt/ros/jazzy/opt/gz_math_vendor:/opt/ros/jazzy/opt/gz_utils_vendor:/opt/ros/jazzy/opt/gz_tools_vendor:/opt/ros/jazzy/opt/gz_ogre_next_vendor:/opt/ros/jazzy/opt/gz_dartsim_vendor:/opt/ros/jazzy/opt/gz_cmake_vendor:/opt/ros/jazzy /usr/bin/cmake --build /home/maxim/projects/arm_driver-ws/build/arm_moveit_config -- -j8 -l8
[8.474s] DEBUG:colcon.colcon_core.event_handler.log_command:Invoking command in '/home/maxim/projects/arm_driver-ws/build/arm_moveit_config': CMAKE_PREFIX_PATH=/home/maxim/projects/arm_driver-ws/install/perseus_arm:/home/maxim/projects/arm_driver-ws/install/arm_moveit_config:/home/maxim/projects/arm_driver-ws/src/perseus_arm/install/perseus_arm:/opt/ros/jazzy/opt/gz_sim_vendor:/opt/ros/jazzy/opt/gz_sensors_vendor:/opt/ros/jazzy/opt/gz_physics_vendor:/opt/ros/jazzy/opt/sdformat_vendor:/opt/ros/jazzy/opt/gz_gui_vendor:/opt/ros/jazzy/opt/gz_transport_vendor:/opt/ros/jazzy/opt/gz_rendering_vendor:/opt/ros/jazzy/opt/gz_plugin_vendor:/opt/ros/jazzy/opt/gz_fuel_tools_vendor:/opt/ros/jazzy/opt/gz_msgs_vendor:/opt/ros/jazzy/opt/gz_common_vendor:/opt/ros/jazzy/opt/gz_math_vendor:/opt/ros/jazzy/opt/gz_utils_vendor:/opt/ros/jazzy/opt/gz_tools_vendor:/opt/ros/jazzy/opt/gz_ogre_next_vendor:/opt/ros/jazzy/opt/gz_dartsim_vendor:/opt/ros/jazzy/opt/gz_cmake_vendor:/opt/ros/jazzy /usr/bin/cmake --install /home/maxim/projects/arm_driver-ws/build/arm_moveit_config
[8.538s] Level 1:colcon.colcon_core.environment:create_environment_scripts_only(arm_moveit_config)
[8.540s] Level 1:colcon.colcon_core.environment:checking '/home/maxim/projects/arm_driver-ws/install/arm_moveit_config' for CMake module files
[8.543s] DEBUG:colcon.colcon_core.event_handler.log_command:Invoked command in '/home/maxim/projects/arm_driver-ws/build/arm_moveit_config' returned '0': CMAKE_PREFIX_PATH=/home/maxim/projects/arm_driver-ws/install/perseus_arm:/home/maxim/projects/arm_driver-ws/install/arm_moveit_config:/home/maxim/projects/arm_driver-ws/src/perseus_arm/install/perseus_arm:/opt/ros/jazzy/opt/gz_sim_vendor:/opt/ros/jazzy/opt/gz_sensors_vendor:/opt/ros/jazzy/opt/gz_physics_vendor:/opt/ros/jazzy/opt/sdformat_vendor:/opt/ros/jazzy/opt/gz_gui_vendor:/opt/ros/jazzy/opt/gz_transport_vendor:/opt/ros/jazzy/opt/gz_rendering_vendor:/opt/ros/jazzy/opt/gz_plugin_vendor:/opt/ros/jazzy/opt/gz_fuel_tools_vendor:/opt/ros/jazzy/opt/gz_msgs_vendor:/opt/ros/jazzy/opt/gz_common_vendor:/opt/ros/jazzy/opt/gz_math_vendor:/opt/ros/jazzy/opt/gz_utils_vendor:/opt/ros/jazzy/opt/gz_tools_vendor:/opt/ros/jazzy/opt/gz_ogre_next_vendor:/opt/ros/jazzy/opt/gz_dartsim_vendor:/opt/ros/jazzy/opt/gz_cmake_vendor:/opt/ros/jazzy /usr/bin/cmake --install /home/maxim/projects/arm_driver-ws/build/arm_moveit_config
[8.545s] Level 1:colcon.colcon_core.environment:checking '/home/maxim/projects/arm_driver-ws/install/arm_moveit_config' for CMake config files
[8.545s] Level 1:colcon.colcon_core.shell:create_environment_hook('arm_moveit_config', 'cmake_prefix_path')
[8.546s] INFO:colcon.colcon_core.shell:Creating environment hook '/home/maxim/projects/arm_driver-ws/install/arm_moveit_config/share/arm_moveit_config/hook/cmake_prefix_path.ps1'
[8.548s] INFO:colcon.colcon_core.shell:Creating environment descriptor '/home/maxim/projects/arm_driver-ws/install/arm_moveit_config/share/arm_moveit_config/hook/cmake_prefix_path.dsv'
[8.549s] INFO:colcon.colcon_core.shell:Creating environment hook '/home/maxim/projects/arm_driver-ws/install/arm_moveit_config/share/arm_moveit_config/hook/cmake_prefix_path.sh'
[8.552s] Level 1:colcon.colcon_core.environment:checking '/home/maxim/projects/arm_driver-ws/install/arm_moveit_config/bin'
[8.552s] Level 1:colcon.colcon_core.environment:checking '/home/maxim/projects/arm_driver-ws/install/arm_moveit_config/lib/pkgconfig/arm_moveit_config.pc'
[8.553s] Level 1:colcon.colcon_core.environment:checking '/home/maxim/projects/arm_driver-ws/install/arm_moveit_config/lib/python3.12/site-packages'
[8.554s] Level 1:colcon.colcon_core.environment:checking '/home/maxim/projects/arm_driver-ws/install/arm_moveit_config/bin'
[8.555s] INFO:colcon.colcon_core.shell:Creating package script '/home/maxim/projects/arm_driver-ws/install/arm_moveit_config/share/arm_moveit_config/package.ps1'
[8.557s] INFO:colcon.colcon_core.shell:Creating package descriptor '/home/maxim/projects/arm_driver-ws/install/arm_moveit_config/share/arm_moveit_config/package.dsv'
[8.559s] INFO:colcon.colcon_core.shell:Creating package script '/home/maxim/projects/arm_driver-ws/install/arm_moveit_config/share/arm_moveit_config/package.sh'
[8.561s] INFO:colcon.colcon_core.shell:Creating package script '/home/maxim/projects/arm_driver-ws/install/arm_moveit_config/share/arm_moveit_config/package.bash'
[8.563s] INFO:colcon.colcon_core.shell:Creating package script '/home/maxim/projects/arm_driver-ws/install/arm_moveit_config/share/arm_moveit_config/package.zsh'
[8.565s] Level 1:colcon.colcon_core.environment:create_file_with_runtime_dependencies(/home/maxim/projects/arm_driver-ws/install/arm_moveit_config/share/colcon-core/packages/arm_moveit_config)
[8.567s] Level 1:colcon.colcon_core.environment:create_environment_scripts_only(arm_moveit_config)
[8.568s] Level 1:colcon.colcon_core.environment:checking '/home/maxim/projects/arm_driver-ws/install/arm_moveit_config' for CMake module files
[8.576s] Level 1:colcon.colcon_core.environment:checking '/home/maxim/projects/arm_driver-ws/install/arm_moveit_config' for CMake config files
[8.578s] Level 1:colcon.colcon_core.shell:create_environment_hook('arm_moveit_config', 'cmake_prefix_path')
[8.578s] INFO:colcon.colcon_core.shell:Creating environment hook '/home/maxim/projects/arm_driver-ws/install/arm_moveit_config/share/arm_moveit_config/hook/cmake_prefix_path.ps1'
[8.580s] INFO:colcon.colcon_core.shell:Creating environment descriptor '/home/maxim/projects/arm_driver-ws/install/arm_moveit_config/share/arm_moveit_config/hook/cmake_prefix_path.dsv'
[8.582s] INFO:colcon.colcon_core.shell:Creating environment hook '/home/maxim/projects/arm_driver-ws/install/arm_moveit_config/share/arm_moveit_config/hook/cmake_prefix_path.sh'
[8.585s] Level 1:colcon.colcon_core.environment:checking '/home/maxim/projects/arm_driver-ws/install/arm_moveit_config/bin'
[8.586s] Level 1:colcon.colcon_core.environment:checking '/home/maxim/projects/arm_driver-ws/install/arm_moveit_config/lib/pkgconfig/arm_moveit_config.pc'
[8.587s] Level 1:colcon.colcon_core.environment:checking '/home/maxim/projects/arm_driver-ws/install/arm_moveit_config/lib/python3.12/site-packages'
[8.588s] Level 1:colcon.colcon_core.environment:checking '/home/maxim/projects/arm_driver-ws/install/arm_moveit_config/bin'
[8.588s] INFO:colcon.colcon_core.shell:Creating package script '/home/maxim/projects/arm_driver-ws/install/arm_moveit_config/share/arm_moveit_config/package.ps1'
[8.590s] INFO:colcon.colcon_core.shell:Creating package descriptor '/home/maxim/projects/arm_driver-ws/install/arm_moveit_config/share/arm_moveit_config/package.dsv'
[8.592s] INFO:colcon.colcon_core.shell:Creating package script '/home/maxim/projects/arm_driver-ws/install/arm_moveit_config/share/arm_moveit_config/package.sh'
[8.595s] INFO:colcon.colcon_core.shell:Creating package script '/home/maxim/projects/arm_driver-ws/install/arm_moveit_config/share/arm_moveit_config/package.bash'
[8.597s] INFO:colcon.colcon_core.shell:Creating package script '/home/maxim/projects/arm_driver-ws/install/arm_moveit_config/share/arm_moveit_config/package.zsh'
[8.600s] Level 1:colcon.colcon_core.environment:create_file_with_runtime_dependencies(/home/maxim/projects/arm_driver-ws/install/arm_moveit_config/share/colcon-core/packages/arm_moveit_config)
[8.603s] DEBUG:colcon.colcon_parallel_executor.executor.parallel:closing loop
[8.605s] DEBUG:colcon.colcon_parallel_executor.executor.parallel:loop closed
[8.606s] DEBUG:colcon.colcon_parallel_executor.executor.parallel:run_until_complete finished with '0'
[8.607s] DEBUG:colcon.colcon_core.event_reactor:joining thread
[8.695s] INFO:colcon.colcon_core.plugin_system:Skipping extension 'colcon_notification.desktop_notification.notify_send': Could not find 'notify-send'
[8.696s] INFO:colcon.colcon_core.plugin_system:Skipping extension 'colcon_notification.desktop_notification.terminal_notifier': Not used on non-Darwin systems
[8.696s] INFO:colcon.colcon_core.plugin_system:Skipping extension 'colcon_notification.desktop_notification.win32': Not used on non-Windows systems
[8.696s] INFO:colcon.colcon_notification.desktop_notification:Sending desktop notification using 'notify2'
[8.700s] DEBUG:colcon.colcon_notification.desktop_notification.notify2:Failed to initialize notify2: org.freedesktop.DBus.Error.ServiceUnknown: The name org.freedesktop.Notifications was not provided by any .service files
[8.700s] DEBUG:colcon.colcon_core.event_reactor:joined thread
[8.701s] INFO:colcon.colcon_core.shell:Creating prefix script '/home/maxim/projects/arm_driver-ws/install/local_setup.ps1'
[8.704s] INFO:colcon.colcon_core.shell:Creating prefix util module '/home/maxim/projects/arm_driver-ws/install/_local_setup_util_ps1.py'
[8.708s] INFO:colcon.colcon_core.shell:Creating prefix chain script '/home/maxim/projects/arm_driver-ws/install/setup.ps1'
[8.712s] INFO:colcon.colcon_core.shell:Creating prefix script '/home/maxim/projects/arm_driver-ws/install/local_setup.sh'
[8.714s] INFO:colcon.colcon_core.shell:Creating prefix util module '/home/maxim/projects/arm_driver-ws/install/_local_setup_util_sh.py'
[8.717s] INFO:colcon.colcon_core.shell:Creating prefix chain script '/home/maxim/projects/arm_driver-ws/install/setup.sh'
[8.722s] INFO:colcon.colcon_core.shell:Creating prefix script '/home/maxim/projects/arm_driver-ws/install/local_setup.bash'
[8.724s] INFO:colcon.colcon_core.shell:Creating prefix chain script '/home/maxim/projects/arm_driver-ws/install/setup.bash'
[8.729s] INFO:colcon.colcon_core.shell:Creating prefix script '/home/maxim/projects/arm_driver-ws/install/local_setup.zsh'
[8.733s] INFO:colcon.colcon_core.shell:Creating prefix chain script '/home/maxim/projects/arm_driver-ws/install/setup.zsh'
