[0.020s] Invoking command in '/home/maxim/projects/arm_driver-ws/build/perseus_arm': CMAKE_PREFIX_PATH=${CMAKE_PREFIX_PATH}:/opt/ros/jazzy /usr/bin/cmake --build /home/maxim/projects/arm_driver-ws/build/perseus_arm -- -j8 -l8
[0.069s] -- Found ament_cmake: 2.5.4 (/opt/ros/jazzy/share/ament_cmake/cmake)
[0.587s] -- Found rclcpp: 28.1.11 (/opt/ros/jazzy/share/rclcpp/cmake)
[1.087s] -- Found rosidl_generator_c: 4.6.6 (/opt/ros/jazzy/share/rosidl_generator_c/cmake)
[1.147s] -- Found rosidl_generator_cpp: 4.6.6 (/opt/ros/jazzy/share/rosidl_generator_cpp/cmake)
[1.224s] -- Using all available rosidl_typesupport_c: rosidl_typesupport_fastrtps_c;rosidl_typesupport_introspection_c
[1.262s] -- Using all available rosidl_typesupport_cpp: rosidl_typesupport_fastrtps_cpp;rosidl_typesupport_introspection_cpp
[1.474s] -- Found rmw_implementation_cmake: 7.3.2 (/opt/ros/jazzy/share/rmw_implementation_cmake/cmake)
[1.479s] -- Found rmw_fastrtps_cpp: 8.4.3 (/opt/ros/jazzy/share/rmw_fastrtps_cpp/cmake)
[2.055s] -- Using RMW implementation 'rmw_fastrtps_cpp' as default
[2.442s] -- Found rclcpp_lifecycle: 28.1.11 (/opt/ros/jazzy/share/rclcpp_lifecycle/cmake)
[2.592s] -- Found sensor_msgs: 5.3.6 (/opt/ros/jazzy/share/sensor_msgs/cmake)
[2.865s] -- Found ros2_control: 4.35.0 (/opt/ros/jazzy/share/ros2_control/cmake)
[2.865s] -- Found ros2_controllers: 4.30.1 (/opt/ros/jazzy/share/ros2_controllers/cmake)
[2.866s] -- Found joint_state_broadcaster: 4.30.1 (/opt/ros/jazzy/share/joint_state_broadcaster/cmake)
[3.143s] -- Found joint_trajectory_controller: 4.30.1 (/opt/ros/jazzy/share/joint_trajectory_controller/cmake)
[3.203s] -- Found eigen3_cmake_module: 0.3.0 (/opt/ros/jazzy/share/eigen3_cmake_module/cmake)
[3.207s] -- Ensuring Eigen3 include directory is part of orocos-kdl CMake target
[3.460s] -- Found moveit_core: 2.12.3 (/opt/ros/jazzy/share/moveit_core/cmake)
[3.504s] -- Found Boost: /usr/lib/x86_64-linux-gnu/cmake/Boost-1.83.0/BoostConfig.cmake (found version "1.83.0") found components: chrono date_time filesystem iostreams program_options regex serialization system thread 
[5.181s] -- Found Boost: /usr/lib/x86_64-linux-gnu/cmake/Boost-1.83.0/BoostConfig.cmake (found version "1.83.0") found components: filesystem 
[6.329s] -- Found moveit_ros_planning: 2.12.3 (/opt/ros/jazzy/share/moveit_ros_planning/cmake)
[6.357s] -- Found Boost: /usr/lib/x86_64-linux-gnu/cmake/Boost-1.83.0/BoostConfig.cmake (found version "1.83.0") found components: system filesystem date_time program_options thread chrono 
[6.516s] -- Found moveit_ros_planning_interface: 2.12.3 (/opt/ros/jazzy/share/moveit_ros_planning_interface/cmake)
[6.532s] -- Found Boost: /usr/lib/x86_64-linux-gnu/cmake/Boost-1.83.0/BoostConfig.cmake (found version "1.83.0") found components: date_time filesystem program_options system thread 
[6.586s] -- Found Boost: /usr/lib/x86_64-linux-gnu/cmake/Boost-1.83.0/BoostConfig.cmake (found version "1.83.0") found components: thread system filesystem regex date_time program_options 
[6.671s] -- Found Boost: /usr/lib/x86_64-linux-gnu/cmake/Boost-1.83.0/BoostConfig.cmake (found version "1.83.0") found components: system filesystem date_time program_options thread 
[6.790s] -- Found moveit_kinematics: 2.12.3 (/opt/ros/jazzy/share/moveit_kinematics/cmake)
[6.796s] -- Found Boost: /usr/lib/x86_64-linux-gnu/cmake/Boost-1.83.0/BoostConfig.cmake (found version "1.83.0") found components: program_options system 
[6.833s] -- Found moveit_planners: 2.12.3 (/opt/ros/jazzy/share/moveit_planners/cmake)
[6.834s] -- Found moveit_simple_controller_manager: 2.12.3 (/opt/ros/jazzy/share/moveit_simple_controller_manager/cmake)
[6.843s] -- Found Boost: /usr/lib/x86_64-linux-gnu/cmake/Boost-1.83.0/BoostConfig.cmake (found version "1.83.0") found components: thread 
[6.871s] -- Found pick_ik: 1.1.1 (/opt/ros/jazzy/share/pick_ik/cmake)
[6.920s] -- Found ament_lint_auto: 0.17.3 (/opt/ros/jazzy/share/ament_lint_auto/cmake)
[7.201s] -- Configuring done (7.1s)
[7.221s] -- Generating done (0.0s)
[7.232s] -- Build files have been written to: /home/maxim/projects/arm_driver-ws/build/perseus_arm
[7.360s] Invoked command in '/home/maxim/projects/arm_driver-ws/build/perseus_arm' returned '0': CMAKE_PREFIX_PATH=${CMAKE_PREFIX_PATH}:/opt/ros/jazzy /usr/bin/cmake --build /home/maxim/projects/arm_driver-ws/build/perseus_arm -- -j8 -l8
[7.426s] Invoking command in '/home/maxim/projects/arm_driver-ws/build/perseus_arm': CMAKE_PREFIX_PATH=${CMAKE_PREFIX_PATH}:/opt/ros/jazzy /usr/bin/cmake --install /home/maxim/projects/arm_driver-ws/build/perseus_arm
[7.491s] -- Install configuration: ""
[7.494s] -- Up-to-date: /home/maxim/projects/arm_driver-ws/install/perseus_arm/share/perseus_arm/assets
[7.495s] -- Up-to-date: /home/maxim/projects/arm_driver-ws/install/perseus_arm/share/perseus_arm/assets/compound.stl
[7.499s] -- Up-to-date: /home/maxim/projects/arm_driver-ws/install/perseus_arm/share/perseus_arm/assets/arm_round.stl
[7.501s] -- Up-to-date: /home/maxim/projects/arm_driver-ws/install/perseus_arm/share/perseus_arm/assets/shoulder.stl
[7.503s] -- Up-to-date: /home/maxim/projects/arm_driver-ws/install/perseus_arm/share/perseus_arm/assets/piece.stl
[7.504s] -- Up-to-date: /home/maxim/projects/arm_driver-ws/install/perseus_arm/share/perseus_arm/assets/base.stl
[7.507s] -- Up-to-date: /home/maxim/projects/arm_driver-ws/install/perseus_arm/share/perseus_arm/assets/top_servo_plate.stl
[7.509s] -- Up-to-date: /home/maxim/projects/arm_driver-ws/install/perseus_arm/share/perseus_arm/assets/bottom_servo_plate.stl
[7.510s] -- Up-to-date: /home/maxim/projects/arm_driver-ws/install/perseus_arm/share/perseus_arm/assets/upper_arm.stl
[7.511s] -- Installing: /home/maxim/projects/arm_driver-ws/install/perseus_arm/share/perseus_arm/robot.urdf
[7.512s] -- Up-to-date: /home/maxim/projects/arm_driver-ws/install/perseus_arm/share/perseus_arm/package.xml
[7.512s] -- Up-to-date: /home/maxim/projects/arm_driver-ws/install/perseus_arm/share/ament_index/resource_index/package_run_dependencies/perseus_arm
[7.513s] -- Up-to-date: /home/maxim/projects/arm_driver-ws/install/perseus_arm/share/ament_index/resource_index/parent_prefix_path/perseus_arm
[7.515s] -- Up-to-date: /home/maxim/projects/arm_driver-ws/install/perseus_arm/share/perseus_arm/environment/ament_prefix_path.sh
[7.515s] -- Up-to-date: /home/maxim/projects/arm_driver-ws/install/perseus_arm/share/perseus_arm/environment/ament_prefix_path.dsv
[7.516s] -- Up-to-date: /home/maxim/projects/arm_driver-ws/install/perseus_arm/share/perseus_arm/environment/path.sh
[7.517s] -- Up-to-date: /home/maxim/projects/arm_driver-ws/install/perseus_arm/share/perseus_arm/environment/path.dsv
[7.518s] -- Up-to-date: /home/maxim/projects/arm_driver-ws/install/perseus_arm/share/perseus_arm/local_setup.bash
[7.518s] -- Up-to-date: /home/maxim/projects/arm_driver-ws/install/perseus_arm/share/perseus_arm/local_setup.sh
[7.519s] -- Up-to-date: /home/maxim/projects/arm_driver-ws/install/perseus_arm/share/perseus_arm/local_setup.zsh
[7.520s] -- Up-to-date: /home/maxim/projects/arm_driver-ws/install/perseus_arm/share/perseus_arm/local_setup.dsv
[7.521s] -- Installing: /home/maxim/projects/arm_driver-ws/install/perseus_arm/share/perseus_arm/package.dsv
[7.522s] -- Up-to-date: /home/maxim/projects/arm_driver-ws/install/perseus_arm/share/ament_index/resource_index/packages/perseus_arm
[7.522s] -- Up-to-date: /home/maxim/projects/arm_driver-ws/install/perseus_arm/share/perseus_arm/cmake/perseus_armConfig.cmake
[7.523s] -- Up-to-date: /home/maxim/projects/arm_driver-ws/install/perseus_arm/share/perseus_arm/cmake/perseus_armConfig-version.cmake
[7.525s] -- Up-to-date: /home/maxim/projects/arm_driver-ws/install/perseus_arm/share/perseus_arm/package.xml
[7.528s] Invoked command in '/home/maxim/projects/arm_driver-ws/build/perseus_arm' returned '0': CMAKE_PREFIX_PATH=${CMAKE_PREFIX_PATH}:/opt/ros/jazzy /usr/bin/cmake --install /home/maxim/projects/arm_driver-ws/build/perseus_arm
