[0.508s] DEBUG:colcon:Command line arguments: ['/usr/bin/colcon', 'build']
[0.509s] DEBUG:colcon:Parsed command line arguments: Namespace(log_base=None, log_level=None, verb_name='build', build_base='build', install_base='install', merge_install=False, symlink_install=False, test_result_base=None, continue_on_error=False, executor='parallel', parallel_workers=8, event_handlers=None, ignore_user_meta=False, metas=['./colcon.meta'], base_paths=['.'], packages_ignore=None, packages_ignore_regex=None, paths=None, packages_up_to=None, packages_up_to_regex=None, packages_above=None, packages_above_and_dependencies=None, packages_above_depth=None, packages_select_by_dep=None, packages_skip_by_dep=None, packages_skip_up_to=None, packages_select_build_failed=False, packages_skip_build_finished=False, packages_select_test_failures=False, packages_skip_test_passed=False, packages_select=None, packages_skip=None, packages_select_regex=None, packages_skip_regex=None, packages_start=None, packages_end=None, allow_overriding=[], cmake_args=None, cmake_target=None, cmake_target_skip_unavailable=False, cmake_clean_cache=False, cmake_clean_first=False, cmake_force_configure=False, ament_cmake_args=None, catkin_cmake_args=None, catkin_skip_building_tests=False, mixin_files=None, mixin=None, verb_parser=<colcon_mixin.mixin.mixin_argument.MixinArgumentDecorator object at 0x781f99f7e780>, verb_extension=<colcon_core.verb.build.BuildVerb object at 0x781f99f7e390>, main=<bound method BuildVerb.main of <colcon_core.verb.build.BuildVerb object at 0x781f99f7e390>>, mixin_verb=('build',))
[0.707s] Level 1:colcon.colcon_core.package_discovery:discover_packages(colcon_meta) check parameters
[0.707s] Level 1:colcon.colcon_core.package_discovery:discover_packages(recursive) check parameters
[0.708s] Level 1:colcon.colcon_core.package_discovery:discover_packages(ignore) check parameters
[0.708s] Level 1:colcon.colcon_core.package_discovery:discover_packages(path) check parameters
[0.708s] Level 1:colcon.colcon_core.package_discovery:discover_packages(colcon_meta) discover
[0.708s] Level 1:colcon.colcon_core.package_discovery:discover_packages(recursive) discover
[0.708s] INFO:colcon.colcon_core.package_discovery:Crawling recursively for packages in '/home/maxim/projects/arm_driver-ws'
[0.708s] Level 1:colcon.colcon_core.package_identification:_identify(.) by extensions ['ignore', 'ignore_ament_install']
[0.709s] Level 1:colcon.colcon_core.package_identification:_identify(.) by extension 'ignore'
[0.709s] Level 1:colcon.colcon_core.package_identification:_identify(.) by extension 'ignore_ament_install'
[0.709s] Level 1:colcon.colcon_core.package_identification:_identify(.) by extensions ['colcon_pkg']
[0.709s] Level 1:colcon.colcon_core.package_identification:_identify(.) by extension 'colcon_pkg'
[0.709s] Level 1:colcon.colcon_core.package_identification:_identify(.) by extensions ['colcon_meta']
[0.709s] Level 1:colcon.colcon_core.package_identification:_identify(.) by extension 'colcon_meta'
[0.709s] Level 1:colcon.colcon_core.package_identification:_identify(.) by extensions ['ros']
[0.710s] Level 1:colcon.colcon_core.package_identification:_identify(.) by extension 'ros'
[0.802s] Level 1:colcon.colcon_core.package_identification:_identify(.) by extensions ['cmake', 'python']
[0.803s] Level 1:colcon.colcon_core.package_identification:_identify(.) by extension 'cmake'
[0.803s] Level 1:colcon.colcon_core.package_identification:_identify(.) by extension 'python'
[0.803s] Level 1:colcon.colcon_core.package_identification:_identify(.) by extensions ['python_setup_py']
[0.803s] Level 1:colcon.colcon_core.package_identification:_identify(.) by extension 'python_setup_py'
[0.806s] Level 1:colcon.colcon_core.package_identification:_identify(build) by extensions ['ignore', 'ignore_ament_install']
[0.806s] Level 1:colcon.colcon_core.package_identification:_identify(build) by extension 'ignore'
[0.806s] Level 1:colcon.colcon_core.package_identification:_identify(build) ignored
[0.807s] Level 1:colcon.colcon_core.package_identification:_identify(install) by extensions ['ignore', 'ignore_ament_install']
[0.807s] Level 1:colcon.colcon_core.package_identification:_identify(install) by extension 'ignore'
[0.807s] Level 1:colcon.colcon_core.package_identification:_identify(install) ignored
[0.808s] Level 1:colcon.colcon_core.package_identification:_identify(log) by extensions ['ignore', 'ignore_ament_install']
[0.808s] Level 1:colcon.colcon_core.package_identification:_identify(log) by extension 'ignore'
[0.808s] Level 1:colcon.colcon_core.package_identification:_identify(log) ignored
[0.808s] Level 1:colcon.colcon_core.package_identification:_identify(src) by extensions ['ignore', 'ignore_ament_install']
[0.809s] Level 1:colcon.colcon_core.package_identification:_identify(src) by extension 'ignore'
[0.809s] Level 1:colcon.colcon_core.package_identification:_identify(src) by extension 'ignore_ament_install'
[0.809s] Level 1:colcon.colcon_core.package_identification:_identify(src) by extensions ['colcon_pkg']
[0.810s] Level 1:colcon.colcon_core.package_identification:_identify(src) by extension 'colcon_pkg'
[0.810s] Level 1:colcon.colcon_core.package_identification:_identify(src) by extensions ['colcon_meta']
[0.810s] Level 1:colcon.colcon_core.package_identification:_identify(src) by extension 'colcon_meta'
[0.810s] Level 1:colcon.colcon_core.package_identification:_identify(src) by extensions ['ros']
[0.810s] Level 1:colcon.colcon_core.package_identification:_identify(src) by extension 'ros'
[0.810s] Level 1:colcon.colcon_core.package_identification:_identify(src) by extensions ['cmake', 'python']
[0.810s] Level 1:colcon.colcon_core.package_identification:_identify(src) by extension 'cmake'
[0.811s] Level 1:colcon.colcon_core.package_identification:_identify(src) by extension 'python'
[0.811s] Level 1:colcon.colcon_core.package_identification:_identify(src) by extensions ['python_setup_py']
[0.811s] Level 1:colcon.colcon_core.package_identification:_identify(src) by extension 'python_setup_py'
[0.811s] Level 1:colcon.colcon_core.package_identification:_identify(src/arm_moveit_config) by extensions ['ignore', 'ignore_ament_install']
[0.811s] Level 1:colcon.colcon_core.package_identification:_identify(src/arm_moveit_config) by extension 'ignore'
[0.811s] Level 1:colcon.colcon_core.package_identification:_identify(src/arm_moveit_config) by extension 'ignore_ament_install'
[0.812s] Level 1:colcon.colcon_core.package_identification:_identify(src/arm_moveit_config) by extensions ['colcon_pkg']
[0.812s] Level 1:colcon.colcon_core.package_identification:_identify(src/arm_moveit_config) by extension 'colcon_pkg'
[0.812s] Level 1:colcon.colcon_core.package_identification:_identify(src/arm_moveit_config) by extensions ['colcon_meta']
[0.812s] Level 1:colcon.colcon_core.package_identification:_identify(src/arm_moveit_config) by extension 'colcon_meta'
[0.812s] Level 1:colcon.colcon_core.package_identification:_identify(src/arm_moveit_config) by extensions ['ros']
[0.812s] Level 1:colcon.colcon_core.package_identification:_identify(src/arm_moveit_config) by extension 'ros'
[0.821s] DEBUG:colcon.colcon_core.package_identification:Package 'src/arm_moveit_config' with type 'ros.ament_cmake' and name 'arm_moveit_config'
[0.821s] Level 1:colcon.colcon_core.package_identification:_identify(src/perseus_arm) by extensions ['ignore', 'ignore_ament_install']
[0.822s] Level 1:colcon.colcon_core.package_identification:_identify(src/perseus_arm) by extension 'ignore'
[0.822s] Level 1:colcon.colcon_core.package_identification:_identify(src/perseus_arm) by extension 'ignore_ament_install'
[0.822s] Level 1:colcon.colcon_core.package_identification:_identify(src/perseus_arm) by extensions ['colcon_pkg']
[0.822s] Level 1:colcon.colcon_core.package_identification:_identify(src/perseus_arm) by extension 'colcon_pkg'
[0.822s] Level 1:colcon.colcon_core.package_identification:_identify(src/perseus_arm) by extensions ['colcon_meta']
[0.822s] Level 1:colcon.colcon_core.package_identification:_identify(src/perseus_arm) by extension 'colcon_meta'
[0.822s] Level 1:colcon.colcon_core.package_identification:_identify(src/perseus_arm) by extensions ['ros']
[0.823s] Level 1:colcon.colcon_core.package_identification:_identify(src/perseus_arm) by extension 'ros'
[0.827s] DEBUG:colcon.colcon_core.package_identification:Package 'src/perseus_arm' with type 'ros.ament_cmake' and name 'perseus_arm'
[0.828s] Level 1:colcon.colcon_core.package_discovery:discover_packages(recursive) using defaults
[0.828s] Level 1:colcon.colcon_core.package_discovery:discover_packages(ignore) discover
[0.828s] Level 1:colcon.colcon_core.package_discovery:discover_packages(ignore) using defaults
[0.828s] Level 1:colcon.colcon_core.package_discovery:discover_packages(path) discover
[0.828s] Level 1:colcon.colcon_core.package_discovery:discover_packages(path) using defaults
[0.903s] Level 1:colcon.colcon_core.package_discovery:discover_packages(prefix_path) check parameters
[0.903s] Level 1:colcon.colcon_core.package_discovery:discover_packages(prefix_path) discover
[0.909s] WARNING:colcon.colcon_core.prefix_path.colcon:The path '/home/maxim/projects/arm_driver-ws/src/perseus_arm/install' in the environment variable COLCON_PREFIX_PATH doesn't exist
[0.910s] WARNING:colcon.colcon_ros.prefix_path.ament:The path '/home/maxim/projects/arm_driver-ws/src/perseus_arm/install/perseus_arm' in the environment variable AMENT_PREFIX_PATH doesn't exist
[0.912s] WARNING:colcon.colcon_ros.prefix_path.catkin:The path '/home/maxim/projects/arm_driver-ws/src/perseus_arm/install/perseus_arm' in the environment variable CMAKE_PREFIX_PATH doesn't exist
[0.917s] DEBUG:colcon.colcon_installed_package_information.package_discovery:Found 2 installed packages in /home/maxim/projects/arm_driver-ws/install
[0.924s] DEBUG:colcon.colcon_installed_package_information.package_discovery:Found 402 installed packages in /opt/ros/jazzy
[0.929s] Level 1:colcon.colcon_core.package_discovery:discover_packages(prefix_path) using defaults
[1.353s] Level 5:colcon.colcon_core.verb:set package 'perseus_arm' build argument 'cmake_args' from command line to 'None'
[1.353s] Level 5:colcon.colcon_core.verb:set package 'perseus_arm' build argument 'cmake_target' from command line to 'None'
[1.353s] Level 5:colcon.colcon_core.verb:set package 'perseus_arm' build argument 'cmake_target_skip_unavailable' from command line to 'False'
[1.354s] Level 5:colcon.colcon_core.verb:set package 'perseus_arm' build argument 'cmake_clean_cache' from command line to 'False'
[1.354s] Level 5:colcon.colcon_core.verb:set package 'perseus_arm' build argument 'cmake_clean_first' from command line to 'False'
[1.354s] Level 5:colcon.colcon_core.verb:set package 'perseus_arm' build argument 'cmake_force_configure' from command line to 'False'
[1.354s] Level 5:colcon.colcon_core.verb:set package 'perseus_arm' build argument 'ament_cmake_args' from command line to 'None'
[1.355s] Level 5:colcon.colcon_core.verb:set package 'perseus_arm' build argument 'catkin_cmake_args' from command line to 'None'
[1.355s] Level 5:colcon.colcon_core.verb:set package 'perseus_arm' build argument 'catkin_skip_building_tests' from command line to 'False'
[1.355s] DEBUG:colcon.colcon_core.verb:Building package 'perseus_arm' with the following arguments: {'ament_cmake_args': None, 'build_base': '/home/maxim/projects/arm_driver-ws/build/perseus_arm', 'catkin_cmake_args': None, 'catkin_skip_building_tests': False, 'cmake_args': None, 'cmake_clean_cache': False, 'cmake_clean_first': False, 'cmake_force_configure': False, 'cmake_target': None, 'cmake_target_skip_unavailable': False, 'install_base': '/home/maxim/projects/arm_driver-ws/install/perseus_arm', 'merge_install': False, 'path': '/home/maxim/projects/arm_driver-ws/src/perseus_arm', 'symlink_install': False, 'test_result_base': None}
[1.356s] Level 5:colcon.colcon_core.verb:set package 'arm_moveit_config' build argument 'cmake_args' from command line to 'None'
[1.356s] Level 5:colcon.colcon_core.verb:set package 'arm_moveit_config' build argument 'cmake_target' from command line to 'None'
[1.356s] Level 5:colcon.colcon_core.verb:set package 'arm_moveit_config' build argument 'cmake_target_skip_unavailable' from command line to 'False'
[1.356s] Level 5:colcon.colcon_core.verb:set package 'arm_moveit_config' build argument 'cmake_clean_cache' from command line to 'False'
[1.356s] Level 5:colcon.colcon_core.verb:set package 'arm_moveit_config' build argument 'cmake_clean_first' from command line to 'False'
[1.356s] Level 5:colcon.colcon_core.verb:set package 'arm_moveit_config' build argument 'cmake_force_configure' from command line to 'False'
[1.356s] Level 5:colcon.colcon_core.verb:set package 'arm_moveit_config' build argument 'ament_cmake_args' from command line to 'None'
[1.356s] Level 5:colcon.colcon_core.verb:set package 'arm_moveit_config' build argument 'catkin_cmake_args' from command line to 'None'
[1.356s] Level 5:colcon.colcon_core.verb:set package 'arm_moveit_config' build argument 'catkin_skip_building_tests' from command line to 'False'
[1.357s] DEBUG:colcon.colcon_core.verb:Building package 'arm_moveit_config' with the following arguments: {'ament_cmake_args': None, 'build_base': '/home/maxim/projects/arm_driver-ws/build/arm_moveit_config', 'catkin_cmake_args': None, 'catkin_skip_building_tests': False, 'cmake_args': None, 'cmake_clean_cache': False, 'cmake_clean_first': False, 'cmake_force_configure': False, 'cmake_target': None, 'cmake_target_skip_unavailable': False, 'install_base': '/home/maxim/projects/arm_driver-ws/install/arm_moveit_config', 'merge_install': False, 'path': '/home/maxim/projects/arm_driver-ws/src/arm_moveit_config', 'symlink_install': False, 'test_result_base': None}
[1.357s] INFO:colcon.colcon_core.executor:Executing jobs using 'parallel' executor
[1.359s] DEBUG:colcon.colcon_parallel_executor.executor.parallel:run_until_complete
[1.360s] INFO:colcon.colcon_ros.task.ament_cmake.build:Building ROS package in '/home/maxim/projects/arm_driver-ws/src/perseus_arm' with build type 'ament_cmake'
[1.361s] INFO:colcon.colcon_cmake.task.cmake.build:Building CMake package in '/home/maxim/projects/arm_driver-ws/src/perseus_arm'
[1.382s] INFO:colcon.colcon_core.plugin_system:Skipping extension 'colcon_core.shell.bat': Not used on non-Windows systems
[1.382s] INFO:colcon.colcon_core.shell:Skip shell extension 'powershell' for command environment: Not usable outside of PowerShell
[1.383s] DEBUG:colcon.colcon_core.shell:Skip shell extension 'dsv' for command environment
[1.412s] DEBUG:colcon.colcon_core.event_handler.log_command:Invoking command in '/home/maxim/projects/arm_driver-ws/build/perseus_arm': CMAKE_PREFIX_PATH=${CMAKE_PREFIX_PATH}:/opt/ros/jazzy /usr/bin/cmake --build /home/maxim/projects/arm_driver-ws/build/perseus_arm -- -j8 -l8
[12.708s] DEBUG:colcon.colcon_core.event_handler.log_command:Invoked command in '/home/maxim/projects/arm_driver-ws/build/perseus_arm' returned '0': CMAKE_PREFIX_PATH=${CMAKE_PREFIX_PATH}:/opt/ros/jazzy /usr/bin/cmake --build /home/maxim/projects/arm_driver-ws/build/perseus_arm -- -j8 -l8
[12.752s] DEBUG:colcon.colcon_core.event_handler.log_command:Invoking command in '/home/maxim/projects/arm_driver-ws/build/perseus_arm': CMAKE_PREFIX_PATH=${CMAKE_PREFIX_PATH}:/opt/ros/jazzy /usr/bin/cmake --install /home/maxim/projects/arm_driver-ws/build/perseus_arm
[12.825s] Level 1:colcon.colcon_core.environment:create_environment_scripts_only(perseus_arm)
[12.827s] DEBUG:colcon.colcon_core.event_handler.log_command:Invoked command in '/home/maxim/projects/arm_driver-ws/build/perseus_arm' returned '0': CMAKE_PREFIX_PATH=${CMAKE_PREFIX_PATH}:/opt/ros/jazzy /usr/bin/cmake --install /home/maxim/projects/arm_driver-ws/build/perseus_arm
[12.839s] Level 1:colcon.colcon_core.environment:checking '/home/maxim/projects/arm_driver-ws/install/perseus_arm' for CMake module files
[12.840s] Level 1:colcon.colcon_core.environment:checking '/home/maxim/projects/arm_driver-ws/install/perseus_arm' for CMake config files
[12.842s] Level 1:colcon.colcon_core.shell:create_environment_hook('perseus_arm', 'cmake_prefix_path')
[12.842s] INFO:colcon.colcon_core.shell:Creating environment hook '/home/maxim/projects/arm_driver-ws/install/perseus_arm/share/perseus_arm/hook/cmake_prefix_path.ps1'
[12.843s] INFO:colcon.colcon_core.shell:Creating environment descriptor '/home/maxim/projects/arm_driver-ws/install/perseus_arm/share/perseus_arm/hook/cmake_prefix_path.dsv'
[12.845s] INFO:colcon.colcon_core.shell:Creating environment hook '/home/maxim/projects/arm_driver-ws/install/perseus_arm/share/perseus_arm/hook/cmake_prefix_path.sh'
[12.847s] Level 1:colcon.colcon_core.environment:checking '/home/maxim/projects/arm_driver-ws/install/perseus_arm/bin'
[12.847s] Level 1:colcon.colcon_core.environment:checking '/home/maxim/projects/arm_driver-ws/install/perseus_arm/lib/pkgconfig/perseus_arm.pc'
[12.847s] Level 1:colcon.colcon_core.environment:checking '/home/maxim/projects/arm_driver-ws/install/perseus_arm/lib/python3.12/site-packages'
[12.848s] Level 1:colcon.colcon_core.environment:checking '/home/maxim/projects/arm_driver-ws/install/perseus_arm/bin'
[12.848s] INFO:colcon.colcon_core.shell:Creating package script '/home/maxim/projects/arm_driver-ws/install/perseus_arm/share/perseus_arm/package.ps1'
[12.850s] INFO:colcon.colcon_core.shell:Creating package descriptor '/home/maxim/projects/arm_driver-ws/install/perseus_arm/share/perseus_arm/package.dsv'
[12.851s] INFO:colcon.colcon_core.shell:Creating package script '/home/maxim/projects/arm_driver-ws/install/perseus_arm/share/perseus_arm/package.sh'
[12.853s] INFO:colcon.colcon_core.shell:Creating package script '/home/maxim/projects/arm_driver-ws/install/perseus_arm/share/perseus_arm/package.bash'
[12.855s] INFO:colcon.colcon_core.shell:Creating package script '/home/maxim/projects/arm_driver-ws/install/perseus_arm/share/perseus_arm/package.zsh'
[12.857s] Level 1:colcon.colcon_core.environment:create_file_with_runtime_dependencies(/home/maxim/projects/arm_driver-ws/install/perseus_arm/share/colcon-core/packages/perseus_arm)
[12.859s] Level 1:colcon.colcon_core.environment:create_environment_scripts_only(perseus_arm)
[12.860s] Level 1:colcon.colcon_core.environment:checking '/home/maxim/projects/arm_driver-ws/install/perseus_arm' for CMake module files
[12.861s] Level 1:colcon.colcon_core.environment:checking '/home/maxim/projects/arm_driver-ws/install/perseus_arm' for CMake config files
[12.862s] Level 1:colcon.colcon_core.shell:create_environment_hook('perseus_arm', 'cmake_prefix_path')
[12.863s] INFO:colcon.colcon_core.shell:Creating environment hook '/home/maxim/projects/arm_driver-ws/install/perseus_arm/share/perseus_arm/hook/cmake_prefix_path.ps1'
[12.864s] INFO:colcon.colcon_core.shell:Creating environment descriptor '/home/maxim/projects/arm_driver-ws/install/perseus_arm/share/perseus_arm/hook/cmake_prefix_path.dsv'
[12.865s] INFO:colcon.colcon_core.shell:Creating environment hook '/home/maxim/projects/arm_driver-ws/install/perseus_arm/share/perseus_arm/hook/cmake_prefix_path.sh'
[12.867s] Level 1:colcon.colcon_core.environment:checking '/home/maxim/projects/arm_driver-ws/install/perseus_arm/bin'
[12.867s] Level 1:colcon.colcon_core.environment:checking '/home/maxim/projects/arm_driver-ws/install/perseus_arm/lib/pkgconfig/perseus_arm.pc'
[12.867s] Level 1:colcon.colcon_core.environment:checking '/home/maxim/projects/arm_driver-ws/install/perseus_arm/lib/python3.12/site-packages'
[12.868s] Level 1:colcon.colcon_core.environment:checking '/home/maxim/projects/arm_driver-ws/install/perseus_arm/bin'
[12.869s] INFO:colcon.colcon_core.shell:Creating package script '/home/maxim/projects/arm_driver-ws/install/perseus_arm/share/perseus_arm/package.ps1'
[12.871s] INFO:colcon.colcon_core.shell:Creating package descriptor '/home/maxim/projects/arm_driver-ws/install/perseus_arm/share/perseus_arm/package.dsv'
[12.872s] INFO:colcon.colcon_core.shell:Creating package script '/home/maxim/projects/arm_driver-ws/install/perseus_arm/share/perseus_arm/package.sh'
[12.874s] INFO:colcon.colcon_core.shell:Creating package script '/home/maxim/projects/arm_driver-ws/install/perseus_arm/share/perseus_arm/package.bash'
[12.875s] INFO:colcon.colcon_core.shell:Creating package script '/home/maxim/projects/arm_driver-ws/install/perseus_arm/share/perseus_arm/package.zsh'
[12.877s] Level 1:colcon.colcon_core.environment:create_file_with_runtime_dependencies(/home/maxim/projects/arm_driver-ws/install/perseus_arm/share/colcon-core/packages/perseus_arm)
[12.878s] INFO:colcon.colcon_ros.task.ament_cmake.build:Building ROS package in '/home/maxim/projects/arm_driver-ws/src/arm_moveit_config' with build type 'ament_cmake'
[12.879s] INFO:colcon.colcon_cmake.task.cmake.build:Building CMake package in '/home/maxim/projects/arm_driver-ws/src/arm_moveit_config'
[12.879s] INFO:colcon.colcon_core.shell:Skip shell extension 'powershell' for command environment: Not usable outside of PowerShell
[12.880s] DEBUG:colcon.colcon_core.shell:Skip shell extension 'dsv' for command environment
[12.937s] DEBUG:colcon.colcon_core.event_handler.log_command:Invoking command in '/home/maxim/projects/arm_driver-ws/build/arm_moveit_config': CMAKE_PREFIX_PATH=/home/maxim/projects/arm_driver-ws/install/perseus_arm:/home/maxim/projects/arm_driver-ws/install/arm_moveit_config:/home/maxim/projects/arm_driver-ws/src/perseus_arm/install/perseus_arm:/opt/ros/jazzy/opt/gz_sim_vendor:/opt/ros/jazzy/opt/gz_sensors_vendor:/opt/ros/jazzy/opt/gz_physics_vendor:/opt/ros/jazzy/opt/sdformat_vendor:/opt/ros/jazzy/opt/gz_gui_vendor:/opt/ros/jazzy/opt/gz_transport_vendor:/opt/ros/jazzy/opt/gz_rendering_vendor:/opt/ros/jazzy/opt/gz_plugin_vendor:/opt/ros/jazzy/opt/gz_fuel_tools_vendor:/opt/ros/jazzy/opt/gz_msgs_vendor:/opt/ros/jazzy/opt/gz_common_vendor:/opt/ros/jazzy/opt/gz_math_vendor:/opt/ros/jazzy/opt/gz_utils_vendor:/opt/ros/jazzy/opt/gz_tools_vendor:/opt/ros/jazzy/opt/gz_ogre_next_vendor:/opt/ros/jazzy/opt/gz_dartsim_vendor:/opt/ros/jazzy/opt/gz_cmake_vendor:/opt/ros/jazzy /usr/bin/cmake --build /home/maxim/projects/arm_driver-ws/build/arm_moveit_config -- -j8 -l8
[13.023s] DEBUG:colcon.colcon_core.event_handler.log_command:Invoked command in '/home/maxim/projects/arm_driver-ws/build/arm_moveit_config' returned '0': CMAKE_PREFIX_PATH=/home/maxim/projects/arm_driver-ws/install/perseus_arm:/home/maxim/projects/arm_driver-ws/install/arm_moveit_config:/home/maxim/projects/arm_driver-ws/src/perseus_arm/install/perseus_arm:/opt/ros/jazzy/opt/gz_sim_vendor:/opt/ros/jazzy/opt/gz_sensors_vendor:/opt/ros/jazzy/opt/gz_physics_vendor:/opt/ros/jazzy/opt/sdformat_vendor:/opt/ros/jazzy/opt/gz_gui_vendor:/opt/ros/jazzy/opt/gz_transport_vendor:/opt/ros/jazzy/opt/gz_rendering_vendor:/opt/ros/jazzy/opt/gz_plugin_vendor:/opt/ros/jazzy/opt/gz_fuel_tools_vendor:/opt/ros/jazzy/opt/gz_msgs_vendor:/opt/ros/jazzy/opt/gz_common_vendor:/opt/ros/jazzy/opt/gz_math_vendor:/opt/ros/jazzy/opt/gz_utils_vendor:/opt/ros/jazzy/opt/gz_tools_vendor:/opt/ros/jazzy/opt/gz_ogre_next_vendor:/opt/ros/jazzy/opt/gz_dartsim_vendor:/opt/ros/jazzy/opt/gz_cmake_vendor:/opt/ros/jazzy /usr/bin/cmake --build /home/maxim/projects/arm_driver-ws/build/arm_moveit_config -- -j8 -l8
[13.028s] DEBUG:colcon.colcon_core.event_handler.log_command:Invoking command in '/home/maxim/projects/arm_driver-ws/build/arm_moveit_config': CMAKE_PREFIX_PATH=/home/maxim/projects/arm_driver-ws/install/perseus_arm:/home/maxim/projects/arm_driver-ws/install/arm_moveit_config:/home/maxim/projects/arm_driver-ws/src/perseus_arm/install/perseus_arm:/opt/ros/jazzy/opt/gz_sim_vendor:/opt/ros/jazzy/opt/gz_sensors_vendor:/opt/ros/jazzy/opt/gz_physics_vendor:/opt/ros/jazzy/opt/sdformat_vendor:/opt/ros/jazzy/opt/gz_gui_vendor:/opt/ros/jazzy/opt/gz_transport_vendor:/opt/ros/jazzy/opt/gz_rendering_vendor:/opt/ros/jazzy/opt/gz_plugin_vendor:/opt/ros/jazzy/opt/gz_fuel_tools_vendor:/opt/ros/jazzy/opt/gz_msgs_vendor:/opt/ros/jazzy/opt/gz_common_vendor:/opt/ros/jazzy/opt/gz_math_vendor:/opt/ros/jazzy/opt/gz_utils_vendor:/opt/ros/jazzy/opt/gz_tools_vendor:/opt/ros/jazzy/opt/gz_ogre_next_vendor:/opt/ros/jazzy/opt/gz_dartsim_vendor:/opt/ros/jazzy/opt/gz_cmake_vendor:/opt/ros/jazzy /usr/bin/cmake --install /home/maxim/projects/arm_driver-ws/build/arm_moveit_config
[13.058s] Level 1:colcon.colcon_core.environment:create_environment_scripts_only(arm_moveit_config)
[13.058s] Level 1:colcon.colcon_core.environment:checking '/home/maxim/projects/arm_driver-ws/install/arm_moveit_config' for CMake module files
[13.063s] DEBUG:colcon.colcon_core.event_handler.log_command:Invoked command in '/home/maxim/projects/arm_driver-ws/build/arm_moveit_config' returned '0': CMAKE_PREFIX_PATH=/home/maxim/projects/arm_driver-ws/install/perseus_arm:/home/maxim/projects/arm_driver-ws/install/arm_moveit_config:/home/maxim/projects/arm_driver-ws/src/perseus_arm/install/perseus_arm:/opt/ros/jazzy/opt/gz_sim_vendor:/opt/ros/jazzy/opt/gz_sensors_vendor:/opt/ros/jazzy/opt/gz_physics_vendor:/opt/ros/jazzy/opt/sdformat_vendor:/opt/ros/jazzy/opt/gz_gui_vendor:/opt/ros/jazzy/opt/gz_transport_vendor:/opt/ros/jazzy/opt/gz_rendering_vendor:/opt/ros/jazzy/opt/gz_plugin_vendor:/opt/ros/jazzy/opt/gz_fuel_tools_vendor:/opt/ros/jazzy/opt/gz_msgs_vendor:/opt/ros/jazzy/opt/gz_common_vendor:/opt/ros/jazzy/opt/gz_math_vendor:/opt/ros/jazzy/opt/gz_utils_vendor:/opt/ros/jazzy/opt/gz_tools_vendor:/opt/ros/jazzy/opt/gz_ogre_next_vendor:/opt/ros/jazzy/opt/gz_dartsim_vendor:/opt/ros/jazzy/opt/gz_cmake_vendor:/opt/ros/jazzy /usr/bin/cmake --install /home/maxim/projects/arm_driver-ws/build/arm_moveit_config
[13.064s] Level 1:colcon.colcon_core.environment:checking '/home/maxim/projects/arm_driver-ws/install/arm_moveit_config' for CMake config files
[13.067s] Level 1:colcon.colcon_core.shell:create_environment_hook('arm_moveit_config', 'cmake_prefix_path')
[13.067s] INFO:colcon.colcon_core.shell:Creating environment hook '/home/maxim/projects/arm_driver-ws/install/arm_moveit_config/share/arm_moveit_config/hook/cmake_prefix_path.ps1'
[13.068s] INFO:colcon.colcon_core.shell:Creating environment descriptor '/home/maxim/projects/arm_driver-ws/install/arm_moveit_config/share/arm_moveit_config/hook/cmake_prefix_path.dsv'
[13.069s] INFO:colcon.colcon_core.shell:Creating environment hook '/home/maxim/projects/arm_driver-ws/install/arm_moveit_config/share/arm_moveit_config/hook/cmake_prefix_path.sh'
[13.071s] Level 1:colcon.colcon_core.environment:checking '/home/maxim/projects/arm_driver-ws/install/arm_moveit_config/bin'
[13.071s] Level 1:colcon.colcon_core.environment:checking '/home/maxim/projects/arm_driver-ws/install/arm_moveit_config/lib/pkgconfig/arm_moveit_config.pc'
[13.072s] Level 1:colcon.colcon_core.environment:checking '/home/maxim/projects/arm_driver-ws/install/arm_moveit_config/lib/python3.12/site-packages'
[13.072s] Level 1:colcon.colcon_core.environment:checking '/home/maxim/projects/arm_driver-ws/install/arm_moveit_config/bin'
[13.072s] INFO:colcon.colcon_core.shell:Creating package script '/home/maxim/projects/arm_driver-ws/install/arm_moveit_config/share/arm_moveit_config/package.ps1'
[13.074s] INFO:colcon.colcon_core.shell:Creating package descriptor '/home/maxim/projects/arm_driver-ws/install/arm_moveit_config/share/arm_moveit_config/package.dsv'
[13.075s] INFO:colcon.colcon_core.shell:Creating package script '/home/maxim/projects/arm_driver-ws/install/arm_moveit_config/share/arm_moveit_config/package.sh'
[13.076s] INFO:colcon.colcon_core.shell:Creating package script '/home/maxim/projects/arm_driver-ws/install/arm_moveit_config/share/arm_moveit_config/package.bash'
[13.077s] INFO:colcon.colcon_core.shell:Creating package script '/home/maxim/projects/arm_driver-ws/install/arm_moveit_config/share/arm_moveit_config/package.zsh'
[13.078s] Level 1:colcon.colcon_core.environment:create_file_with_runtime_dependencies(/home/maxim/projects/arm_driver-ws/install/arm_moveit_config/share/colcon-core/packages/arm_moveit_config)
[13.079s] Level 1:colcon.colcon_core.environment:create_environment_scripts_only(arm_moveit_config)
[13.079s] Level 1:colcon.colcon_core.environment:checking '/home/maxim/projects/arm_driver-ws/install/arm_moveit_config' for CMake module files
[13.080s] Level 1:colcon.colcon_core.environment:checking '/home/maxim/projects/arm_driver-ws/install/arm_moveit_config' for CMake config files
[13.081s] Level 1:colcon.colcon_core.shell:create_environment_hook('arm_moveit_config', 'cmake_prefix_path')
[13.081s] INFO:colcon.colcon_core.shell:Creating environment hook '/home/maxim/projects/arm_driver-ws/install/arm_moveit_config/share/arm_moveit_config/hook/cmake_prefix_path.ps1'
[13.082s] INFO:colcon.colcon_core.shell:Creating environment descriptor '/home/maxim/projects/arm_driver-ws/install/arm_moveit_config/share/arm_moveit_config/hook/cmake_prefix_path.dsv'
[13.082s] INFO:colcon.colcon_core.shell:Creating environment hook '/home/maxim/projects/arm_driver-ws/install/arm_moveit_config/share/arm_moveit_config/hook/cmake_prefix_path.sh'
[13.083s] Level 1:colcon.colcon_core.environment:checking '/home/maxim/projects/arm_driver-ws/install/arm_moveit_config/bin'
[13.083s] Level 1:colcon.colcon_core.environment:checking '/home/maxim/projects/arm_driver-ws/install/arm_moveit_config/lib/pkgconfig/arm_moveit_config.pc'
[13.084s] Level 1:colcon.colcon_core.environment:checking '/home/maxim/projects/arm_driver-ws/install/arm_moveit_config/lib/python3.12/site-packages'
[13.084s] Level 1:colcon.colcon_core.environment:checking '/home/maxim/projects/arm_driver-ws/install/arm_moveit_config/bin'
[13.085s] INFO:colcon.colcon_core.shell:Creating package script '/home/maxim/projects/arm_driver-ws/install/arm_moveit_config/share/arm_moveit_config/package.ps1'
[13.086s] INFO:colcon.colcon_core.shell:Creating package descriptor '/home/maxim/projects/arm_driver-ws/install/arm_moveit_config/share/arm_moveit_config/package.dsv'
[13.087s] INFO:colcon.colcon_core.shell:Creating package script '/home/maxim/projects/arm_driver-ws/install/arm_moveit_config/share/arm_moveit_config/package.sh'
[13.088s] INFO:colcon.colcon_core.shell:Creating package script '/home/maxim/projects/arm_driver-ws/install/arm_moveit_config/share/arm_moveit_config/package.bash'
[13.090s] INFO:colcon.colcon_core.shell:Creating package script '/home/maxim/projects/arm_driver-ws/install/arm_moveit_config/share/arm_moveit_config/package.zsh'
[13.090s] Level 1:colcon.colcon_core.environment:create_file_with_runtime_dependencies(/home/maxim/projects/arm_driver-ws/install/arm_moveit_config/share/colcon-core/packages/arm_moveit_config)
[13.091s] DEBUG:colcon.colcon_parallel_executor.executor.parallel:closing loop
[13.092s] DEBUG:colcon.colcon_parallel_executor.executor.parallel:loop closed
[13.092s] DEBUG:colcon.colcon_parallel_executor.executor.parallel:run_until_complete finished with '0'
[13.092s] DEBUG:colcon.colcon_core.event_reactor:joining thread
[13.141s] INFO:colcon.colcon_core.plugin_system:Skipping extension 'colcon_notification.desktop_notification.notify_send': Could not find 'notify-send'
[13.141s] INFO:colcon.colcon_core.plugin_system:Skipping extension 'colcon_notification.desktop_notification.terminal_notifier': Not used on non-Darwin systems
[13.142s] INFO:colcon.colcon_core.plugin_system:Skipping extension 'colcon_notification.desktop_notification.win32': Not used on non-Windows systems
[13.142s] INFO:colcon.colcon_notification.desktop_notification:Sending desktop notification using 'notify2'
[13.146s] DEBUG:colcon.colcon_notification.desktop_notification.notify2:Failed to initialize notify2: org.freedesktop.DBus.Error.ServiceUnknown: The name org.freedesktop.Notifications was not provided by any .service files
[13.146s] DEBUG:colcon.colcon_core.event_reactor:joined thread
[13.147s] INFO:colcon.colcon_core.shell:Creating prefix script '/home/maxim/projects/arm_driver-ws/install/local_setup.ps1'
[13.149s] INFO:colcon.colcon_core.shell:Creating prefix util module '/home/maxim/projects/arm_driver-ws/install/_local_setup_util_ps1.py'
[13.151s] INFO:colcon.colcon_core.shell:Creating prefix chain script '/home/maxim/projects/arm_driver-ws/install/setup.ps1'
[13.155s] INFO:colcon.colcon_core.shell:Creating prefix script '/home/maxim/projects/arm_driver-ws/install/local_setup.sh'
[13.156s] INFO:colcon.colcon_core.shell:Creating prefix util module '/home/maxim/projects/arm_driver-ws/install/_local_setup_util_sh.py'
[13.158s] INFO:colcon.colcon_core.shell:Creating prefix chain script '/home/maxim/projects/arm_driver-ws/install/setup.sh'
[13.160s] INFO:colcon.colcon_core.shell:Creating prefix script '/home/maxim/projects/arm_driver-ws/install/local_setup.bash'
[13.162s] INFO:colcon.colcon_core.shell:Creating prefix chain script '/home/maxim/projects/arm_driver-ws/install/setup.bash'
[13.164s] INFO:colcon.colcon_core.shell:Creating prefix script '/home/maxim/projects/arm_driver-ws/install/local_setup.zsh'
[13.166s] INFO:colcon.colcon_core.shell:Creating prefix chain script '/home/maxim/projects/arm_driver-ws/install/setup.zsh'
