-- Found ament_cmake: 2.5.4 (/opt/ros/jazzy/share/ament_cmake/cmake)
-- Found rclcpp: 28.1.11 (/opt/ros/jazzy/share/rclcpp/cmake)
-- Found rosidl_generator_c: 4.6.6 (/opt/ros/jazzy/share/rosidl_generator_c/cmake)
-- Found rosidl_generator_cpp: 4.6.6 (/opt/ros/jazzy/share/rosidl_generator_cpp/cmake)
-- Using all available rosidl_typesupport_c: rosidl_typesupport_fastrtps_c;rosidl_typesupport_introspection_c
-- Using all available rosidl_typesupport_cpp: rosidl_typesupport_fastrtps_cpp;rosidl_typesupport_introspection_cpp
-- Found rmw_implementation_cmake: 7.3.2 (/opt/ros/jazzy/share/rmw_implementation_cmake/cmake)
-- Found rmw_fastrtps_cpp: 8.4.3 (/opt/ros/jazzy/share/rmw_fastrtps_cpp/cmake)
-- Using RMW implementation 'rmw_fastrtps_cpp' as default
-- Found rclcpp_lifecycle: 28.1.11 (/opt/ros/jazzy/share/rclcpp_lifecycle/cmake)
-- Found sensor_msgs: 5.3.6 (/opt/ros/jazzy/share/sensor_msgs/cmake)
-- Found ros2_control: 4.35.0 (/opt/ros/jazzy/share/ros2_control/cmake)
-- Found ros2_controllers: 4.30.1 (/opt/ros/jazzy/share/ros2_controllers/cmake)
-- Found joint_state_broadcaster: 4.30.1 (/opt/ros/jazzy/share/joint_state_broadcaster/cmake)
-- Found joint_trajectory_controller: 4.30.1 (/opt/ros/jazzy/share/joint_trajectory_controller/cmake)
-- Found eigen3_cmake_module: 0.3.0 (/opt/ros/jazzy/share/eigen3_cmake_module/cmake)
-- Ensuring Eigen3 include directory is part of orocos-kdl CMake target
-- Found moveit_core: 2.12.3 (/opt/ros/jazzy/share/moveit_core/cmake)
-- Found Boost: /usr/lib/x86_64-linux-gnu/cmake/Boost-1.83.0/BoostConfig.cmake (found version "1.83.0") found components: chrono date_time filesystem iostreams program_options regex serialization system thread 
-- Found Boost: /usr/lib/x86_64-linux-gnu/cmake/Boost-1.83.0/BoostConfig.cmake (found version "1.83.0") found components: filesystem 
-- Found moveit_ros_planning: 2.12.3 (/opt/ros/jazzy/share/moveit_ros_planning/cmake)
-- Found Boost: /usr/lib/x86_64-linux-gnu/cmake/Boost-1.83.0/BoostConfig.cmake (found version "1.83.0") found components: system filesystem date_time program_options thread chrono 
-- Found moveit_ros_planning_interface: 2.12.3 (/opt/ros/jazzy/share/moveit_ros_planning_interface/cmake)
-- Found Boost: /usr/lib/x86_64-linux-gnu/cmake/Boost-1.83.0/BoostConfig.cmake (found version "1.83.0") found components: date_time filesystem program_options system thread 
-- Found Boost: /usr/lib/x86_64-linux-gnu/cmake/Boost-1.83.0/BoostConfig.cmake (found version "1.83.0") found components: thread system filesystem regex date_time program_options 
-- Found Boost: /usr/lib/x86_64-linux-gnu/cmake/Boost-1.83.0/BoostConfig.cmake (found version "1.83.0") found components: system filesystem date_time program_options thread 
-- Found moveit_kinematics: 2.12.3 (/opt/ros/jazzy/share/moveit_kinematics/cmake)
-- Found Boost: /usr/lib/x86_64-linux-gnu/cmake/Boost-1.83.0/BoostConfig.cmake (found version "1.83.0") found components: program_options system 
-- Found moveit_planners: 2.12.3 (/opt/ros/jazzy/share/moveit_planners/cmake)
-- Found moveit_simple_controller_manager: 2.12.3 (/opt/ros/jazzy/share/moveit_simple_controller_manager/cmake)
-- Found Boost: /usr/lib/x86_64-linux-gnu/cmake/Boost-1.83.0/BoostConfig.cmake (found version "1.83.0") found components: thread 
-- Found pick_ik: 1.1.1 (/opt/ros/jazzy/share/pick_ik/cmake)
-- Found ament_lint_auto: 0.17.3 (/opt/ros/jazzy/share/ament_lint_auto/cmake)
-- Configuring done (11.0s)
-- Generating done (0.0s)
-- Build files have been written to: /home/maxim/projects/arm_driver-ws/build/perseus_arm
-- Install configuration: ""
-- Installing: /home/maxim/projects/arm_driver-ws/install/perseus_arm/share/perseus_arm/assets
-- Installing: /home/maxim/projects/arm_driver-ws/install/perseus_arm/share/perseus_arm/assets/compound.stl
-- Installing: /home/maxim/projects/arm_driver-ws/install/perseus_arm/share/perseus_arm/assets/arm_round.stl
-- Installing: /home/maxim/projects/arm_driver-ws/install/perseus_arm/share/perseus_arm/assets/shoulder.stl
-- Installing: /home/maxim/projects/arm_driver-ws/install/perseus_arm/share/perseus_arm/assets/piece.stl
-- Installing: /home/maxim/projects/arm_driver-ws/install/perseus_arm/share/perseus_arm/assets/base.stl
-- Installing: /home/maxim/projects/arm_driver-ws/install/perseus_arm/share/perseus_arm/assets/top_servo_plate.stl
-- Installing: /home/maxim/projects/arm_driver-ws/install/perseus_arm/share/perseus_arm/assets/bottom_servo_plate.stl
-- Installing: /home/maxim/projects/arm_driver-ws/install/perseus_arm/share/perseus_arm/assets/upper_arm.stl
-- Installing: /home/maxim/projects/arm_driver-ws/install/perseus_arm/share/perseus_arm/urdf/robot.urdf
-- Up-to-date: /home/maxim/projects/arm_driver-ws/install/perseus_arm/share/perseus_arm/package.xml
-- Up-to-date: /home/maxim/projects/arm_driver-ws/install/perseus_arm/share/ament_index/resource_index/package_run_dependencies/perseus_arm
-- Installing: /home/maxim/projects/arm_driver-ws/install/perseus_arm/share/ament_index/resource_index/parent_prefix_path/perseus_arm
-- Up-to-date: /home/maxim/projects/arm_driver-ws/install/perseus_arm/share/perseus_arm/environment/ament_prefix_path.sh
-- Up-to-date: /home/maxim/projects/arm_driver-ws/install/perseus_arm/share/perseus_arm/environment/ament_prefix_path.dsv
-- Up-to-date: /home/maxim/projects/arm_driver-ws/install/perseus_arm/share/perseus_arm/environment/path.sh
-- Up-to-date: /home/maxim/projects/arm_driver-ws/install/perseus_arm/share/perseus_arm/environment/path.dsv
-- Up-to-date: /home/maxim/projects/arm_driver-ws/install/perseus_arm/share/perseus_arm/local_setup.bash
-- Up-to-date: /home/maxim/projects/arm_driver-ws/install/perseus_arm/share/perseus_arm/local_setup.sh
-- Up-to-date: /home/maxim/projects/arm_driver-ws/install/perseus_arm/share/perseus_arm/local_setup.zsh
-- Up-to-date: /home/maxim/projects/arm_driver-ws/install/perseus_arm/share/perseus_arm/local_setup.dsv
-- Installing: /home/maxim/projects/arm_driver-ws/install/perseus_arm/share/perseus_arm/package.dsv
-- Up-to-date: /home/maxim/projects/arm_driver-ws/install/perseus_arm/share/ament_index/resource_index/packages/perseus_arm
-- Up-to-date: /home/maxim/projects/arm_driver-ws/install/perseus_arm/share/perseus_arm/cmake/perseus_armConfig.cmake
-- Up-to-date: /home/maxim/projects/arm_driver-ws/install/perseus_arm/share/perseus_arm/cmake/perseus_armConfig-version.cmake
-- Up-to-date: /home/maxim/projects/arm_driver-ws/install/perseus_arm/share/perseus_arm/package.xml
