[0.566s] DEBUG:colcon:Command line arguments: ['/usr/bin/colcon', 'build']
[0.566s] DEBUG:colcon:Parsed command line arguments: Namespace(log_base=None, log_level=None, verb_name='build', build_base='build', install_base='install', merge_install=False, symlink_install=False, test_result_base=None, continue_on_error=False, executor='parallel', parallel_workers=8, event_handlers=None, ignore_user_meta=False, metas=['./colcon.meta'], base_paths=['.'], packages_ignore=None, packages_ignore_regex=None, paths=None, packages_up_to=None, packages_up_to_regex=None, packages_above=None, packages_above_and_dependencies=None, packages_above_depth=None, packages_select_by_dep=None, packages_skip_by_dep=None, packages_skip_up_to=None, packages_select_build_failed=False, packages_skip_build_finished=False, packages_select_test_failures=False, packages_skip_test_passed=False, packages_select=None, packages_skip=None, packages_select_regex=None, packages_skip_regex=None, packages_start=None, packages_end=None, allow_overriding=[], cmake_args=None, cmake_target=None, cmake_target_skip_unavailable=False, cmake_clean_cache=False, cmake_clean_first=False, cmake_force_configure=False, ament_cmake_args=None, catkin_cmake_args=None, catkin_skip_building_tests=False, mixin_files=None, mixin=None, verb_parser=<colcon_mixin.mixin.mixin_argument.MixinArgumentDecorator object at 0x77401f772a20>, verb_extension=<colcon_core.verb.build.BuildVerb object at 0x77401f771dc0>, main=<bound method BuildVerb.main of <colcon_core.verb.build.BuildVerb object at 0x77401f771dc0>>, mixin_verb=('build',))
[0.701s] Level 1:colcon.colcon_core.package_discovery:discover_packages(colcon_meta) check parameters
[0.702s] Level 1:colcon.colcon_core.package_discovery:discover_packages(recursive) check parameters
[0.702s] Level 1:colcon.colcon_core.package_discovery:discover_packages(ignore) check parameters
[0.702s] Level 1:colcon.colcon_core.package_discovery:discover_packages(path) check parameters
[0.702s] Level 1:colcon.colcon_core.package_discovery:discover_packages(colcon_meta) discover
[0.702s] Level 1:colcon.colcon_core.package_discovery:discover_packages(recursive) discover
[0.702s] INFO:colcon.colcon_core.package_discovery:Crawling recursively for packages in '/home/maxim/projects/arm_driver-ws'
[0.702s] Level 1:colcon.colcon_core.package_identification:_identify(.) by extensions ['ignore', 'ignore_ament_install']
[0.702s] Level 1:colcon.colcon_core.package_identification:_identify(.) by extension 'ignore'
[0.702s] Level 1:colcon.colcon_core.package_identification:_identify(.) by extension 'ignore_ament_install'
[0.702s] Level 1:colcon.colcon_core.package_identification:_identify(.) by extensions ['colcon_pkg']
[0.702s] Level 1:colcon.colcon_core.package_identification:_identify(.) by extension 'colcon_pkg'
[0.702s] Level 1:colcon.colcon_core.package_identification:_identify(.) by extensions ['colcon_meta']
[0.703s] Level 1:colcon.colcon_core.package_identification:_identify(.) by extension 'colcon_meta'
[0.703s] Level 1:colcon.colcon_core.package_identification:_identify(.) by extensions ['ros']
[0.703s] Level 1:colcon.colcon_core.package_identification:_identify(.) by extension 'ros'
[0.757s] Level 1:colcon.colcon_core.package_identification:_identify(.) by extensions ['cmake', 'python']
[0.757s] Level 1:colcon.colcon_core.package_identification:_identify(.) by extension 'cmake'
[0.758s] Level 1:colcon.colcon_core.package_identification:_identify(.) by extension 'python'
[0.758s] Level 1:colcon.colcon_core.package_identification:_identify(.) by extensions ['python_setup_py']
[0.758s] Level 1:colcon.colcon_core.package_identification:_identify(.) by extension 'python_setup_py'
[0.760s] Level 1:colcon.colcon_core.package_identification:_identify(build) by extensions ['ignore', 'ignore_ament_install']
[0.760s] Level 1:colcon.colcon_core.package_identification:_identify(build) by extension 'ignore'
[0.760s] Level 1:colcon.colcon_core.package_identification:_identify(build) ignored
[0.761s] Level 1:colcon.colcon_core.package_identification:_identify(install) by extensions ['ignore', 'ignore_ament_install']
[0.761s] Level 1:colcon.colcon_core.package_identification:_identify(install) by extension 'ignore'
[0.761s] Level 1:colcon.colcon_core.package_identification:_identify(install) ignored
[0.761s] Level 1:colcon.colcon_core.package_identification:_identify(log) by extensions ['ignore', 'ignore_ament_install']
[0.761s] Level 1:colcon.colcon_core.package_identification:_identify(log) by extension 'ignore'
[0.761s] Level 1:colcon.colcon_core.package_identification:_identify(log) ignored
[0.762s] Level 1:colcon.colcon_core.package_identification:_identify(src) by extensions ['ignore', 'ignore_ament_install']
[0.762s] Level 1:colcon.colcon_core.package_identification:_identify(src) by extension 'ignore'
[0.762s] Level 1:colcon.colcon_core.package_identification:_identify(src) by extension 'ignore_ament_install'
[0.762s] Level 1:colcon.colcon_core.package_identification:_identify(src) by extensions ['colcon_pkg']
[0.762s] Level 1:colcon.colcon_core.package_identification:_identify(src) by extension 'colcon_pkg'
[0.762s] Level 1:colcon.colcon_core.package_identification:_identify(src) by extensions ['colcon_meta']
[0.762s] Level 1:colcon.colcon_core.package_identification:_identify(src) by extension 'colcon_meta'
[0.762s] Level 1:colcon.colcon_core.package_identification:_identify(src) by extensions ['ros']
[0.762s] Level 1:colcon.colcon_core.package_identification:_identify(src) by extension 'ros'
[0.762s] Level 1:colcon.colcon_core.package_identification:_identify(src) by extensions ['cmake', 'python']
[0.762s] Level 1:colcon.colcon_core.package_identification:_identify(src) by extension 'cmake'
[0.762s] Level 1:colcon.colcon_core.package_identification:_identify(src) by extension 'python'
[0.762s] Level 1:colcon.colcon_core.package_identification:_identify(src) by extensions ['python_setup_py']
[0.762s] Level 1:colcon.colcon_core.package_identification:_identify(src) by extension 'python_setup_py'
[0.763s] Level 1:colcon.colcon_core.package_identification:_identify(src/perseus_arm) by extensions ['ignore', 'ignore_ament_install']
[0.763s] Level 1:colcon.colcon_core.package_identification:_identify(src/perseus_arm) by extension 'ignore'
[0.763s] Level 1:colcon.colcon_core.package_identification:_identify(src/perseus_arm) by extension 'ignore_ament_install'
[0.763s] Level 1:colcon.colcon_core.package_identification:_identify(src/perseus_arm) by extensions ['colcon_pkg']
[0.763s] Level 1:colcon.colcon_core.package_identification:_identify(src/perseus_arm) by extension 'colcon_pkg'
[0.763s] Level 1:colcon.colcon_core.package_identification:_identify(src/perseus_arm) by extensions ['colcon_meta']
[0.763s] Level 1:colcon.colcon_core.package_identification:_identify(src/perseus_arm) by extension 'colcon_meta'
[0.763s] Level 1:colcon.colcon_core.package_identification:_identify(src/perseus_arm) by extensions ['ros']
[0.763s] Level 1:colcon.colcon_core.package_identification:_identify(src/perseus_arm) by extension 'ros'
[0.769s] DEBUG:colcon.colcon_core.package_identification:Package 'src/perseus_arm' with type 'ros.ament_cmake' and name 'perseus_arm'
[0.769s] Level 1:colcon.colcon_core.package_discovery:discover_packages(recursive) using defaults
[0.769s] Level 1:colcon.colcon_core.package_discovery:discover_packages(ignore) discover
[0.769s] Level 1:colcon.colcon_core.package_discovery:discover_packages(ignore) using defaults
[0.769s] Level 1:colcon.colcon_core.package_discovery:discover_packages(path) discover
[0.769s] Level 1:colcon.colcon_core.package_discovery:discover_packages(path) using defaults
[0.813s] Level 1:colcon.colcon_core.package_discovery:discover_packages(prefix_path) check parameters
[0.813s] Level 1:colcon.colcon_core.package_discovery:discover_packages(prefix_path) discover
[0.816s] WARNING:colcon.colcon_core.prefix_path.colcon:The path '/home/maxim/projects/arm_driver-ws/src/perseus_arm/install' in the environment variable COLCON_PREFIX_PATH doesn't exist
[0.817s] WARNING:colcon.colcon_ros.prefix_path.ament:The path '/home/maxim/projects/arm_driver-ws/src/perseus_arm/install/perseus_arm' in the environment variable AMENT_PREFIX_PATH doesn't exist
[0.818s] WARNING:colcon.colcon_ros.prefix_path.catkin:The path '/home/maxim/projects/arm_driver-ws/src/perseus_arm/install/perseus_arm' in the environment variable CMAKE_PREFIX_PATH doesn't exist
[0.820s] DEBUG:colcon.colcon_installed_package_information.package_discovery:Found 1 installed packages in /home/maxim/projects/arm_driver-ws/install
[0.823s] DEBUG:colcon.colcon_installed_package_information.package_discovery:Found 402 installed packages in /opt/ros/jazzy
[0.826s] Level 1:colcon.colcon_core.package_discovery:discover_packages(prefix_path) using defaults
[1.039s] Level 5:colcon.colcon_core.verb:set package 'perseus_arm' build argument 'cmake_args' from command line to 'None'
[1.039s] Level 5:colcon.colcon_core.verb:set package 'perseus_arm' build argument 'cmake_target' from command line to 'None'
[1.039s] Level 5:colcon.colcon_core.verb:set package 'perseus_arm' build argument 'cmake_target_skip_unavailable' from command line to 'False'
[1.039s] Level 5:colcon.colcon_core.verb:set package 'perseus_arm' build argument 'cmake_clean_cache' from command line to 'False'
[1.039s] Level 5:colcon.colcon_core.verb:set package 'perseus_arm' build argument 'cmake_clean_first' from command line to 'False'
[1.040s] Level 5:colcon.colcon_core.verb:set package 'perseus_arm' build argument 'cmake_force_configure' from command line to 'False'
[1.040s] Level 5:colcon.colcon_core.verb:set package 'perseus_arm' build argument 'ament_cmake_args' from command line to 'None'
[1.040s] Level 5:colcon.colcon_core.verb:set package 'perseus_arm' build argument 'catkin_cmake_args' from command line to 'None'
[1.040s] Level 5:colcon.colcon_core.verb:set package 'perseus_arm' build argument 'catkin_skip_building_tests' from command line to 'False'
[1.040s] DEBUG:colcon.colcon_core.verb:Building package 'perseus_arm' with the following arguments: {'ament_cmake_args': None, 'build_base': '/home/maxim/projects/arm_driver-ws/build/perseus_arm', 'catkin_cmake_args': None, 'catkin_skip_building_tests': False, 'cmake_args': None, 'cmake_clean_cache': False, 'cmake_clean_first': False, 'cmake_force_configure': False, 'cmake_target': None, 'cmake_target_skip_unavailable': False, 'install_base': '/home/maxim/projects/arm_driver-ws/install/perseus_arm', 'merge_install': False, 'path': '/home/maxim/projects/arm_driver-ws/src/perseus_arm', 'symlink_install': False, 'test_result_base': None}
[1.040s] INFO:colcon.colcon_core.executor:Executing jobs using 'parallel' executor
[1.042s] DEBUG:colcon.colcon_parallel_executor.executor.parallel:run_until_complete
[1.042s] INFO:colcon.colcon_ros.task.ament_cmake.build:Building ROS package in '/home/maxim/projects/arm_driver-ws/src/perseus_arm' with build type 'ament_cmake'
[1.043s] INFO:colcon.colcon_cmake.task.cmake.build:Building CMake package in '/home/maxim/projects/arm_driver-ws/src/perseus_arm'
[1.050s] INFO:colcon.colcon_core.plugin_system:Skipping extension 'colcon_core.shell.bat': Not used on non-Windows systems
[1.050s] INFO:colcon.colcon_core.shell:Skip shell extension 'powershell' for command environment: Not usable outside of PowerShell
[1.050s] DEBUG:colcon.colcon_core.shell:Skip shell extension 'dsv' for command environment
[1.067s] DEBUG:colcon.colcon_core.event_handler.log_command:Invoking command in '/home/maxim/projects/arm_driver-ws/build/perseus_arm': CMAKE_PREFIX_PATH=${CMAKE_PREFIX_PATH}:/opt/ros/jazzy /usr/bin/cmake --build /home/maxim/projects/arm_driver-ws/build/perseus_arm -- -j8 -l8
[4.960s] DEBUG:colcon.colcon_core.event_handler.log_command:Invoked command in '/home/maxim/projects/arm_driver-ws/build/perseus_arm' returned '0': CMAKE_PREFIX_PATH=${CMAKE_PREFIX_PATH}:/opt/ros/jazzy /usr/bin/cmake --build /home/maxim/projects/arm_driver-ws/build/perseus_arm -- -j8 -l8
[4.973s] DEBUG:colcon.colcon_core.event_handler.log_command:Invoking command in '/home/maxim/projects/arm_driver-ws/build/perseus_arm': CMAKE_PREFIX_PATH=${CMAKE_PREFIX_PATH}:/opt/ros/jazzy /usr/bin/cmake --install /home/maxim/projects/arm_driver-ws/build/perseus_arm
[4.993s] Level 1:colcon.colcon_core.environment:create_environment_scripts_only(perseus_arm)
[4.994s] DEBUG:colcon.colcon_core.event_handler.log_command:Invoked command in '/home/maxim/projects/arm_driver-ws/build/perseus_arm' returned '0': CMAKE_PREFIX_PATH=${CMAKE_PREFIX_PATH}:/opt/ros/jazzy /usr/bin/cmake --install /home/maxim/projects/arm_driver-ws/build/perseus_arm
[5.002s] Level 1:colcon.colcon_core.environment:checking '/home/maxim/projects/arm_driver-ws/install/perseus_arm' for CMake module files
[5.003s] Level 1:colcon.colcon_core.environment:checking '/home/maxim/projects/arm_driver-ws/install/perseus_arm' for CMake config files
[5.004s] Level 1:colcon.colcon_core.shell:create_environment_hook('perseus_arm', 'cmake_prefix_path')
[5.004s] INFO:colcon.colcon_core.shell:Creating environment hook '/home/maxim/projects/arm_driver-ws/install/perseus_arm/share/perseus_arm/hook/cmake_prefix_path.ps1'
[5.005s] INFO:colcon.colcon_core.shell:Creating environment descriptor '/home/maxim/projects/arm_driver-ws/install/perseus_arm/share/perseus_arm/hook/cmake_prefix_path.dsv'
[5.006s] INFO:colcon.colcon_core.shell:Creating environment hook '/home/maxim/projects/arm_driver-ws/install/perseus_arm/share/perseus_arm/hook/cmake_prefix_path.sh'
[5.007s] Level 1:colcon.colcon_core.environment:checking '/home/maxim/projects/arm_driver-ws/install/perseus_arm/bin'
[5.007s] Level 1:colcon.colcon_core.environment:checking '/home/maxim/projects/arm_driver-ws/install/perseus_arm/lib/pkgconfig/perseus_arm.pc'
[5.008s] Level 1:colcon.colcon_core.environment:checking '/home/maxim/projects/arm_driver-ws/install/perseus_arm/lib/python3.12/site-packages'
[5.008s] Level 1:colcon.colcon_core.environment:checking '/home/maxim/projects/arm_driver-ws/install/perseus_arm/bin'
[5.008s] INFO:colcon.colcon_core.shell:Creating package script '/home/maxim/projects/arm_driver-ws/install/perseus_arm/share/perseus_arm/package.ps1'
[5.009s] INFO:colcon.colcon_core.shell:Creating package descriptor '/home/maxim/projects/arm_driver-ws/install/perseus_arm/share/perseus_arm/package.dsv'
[5.010s] INFO:colcon.colcon_core.shell:Creating package script '/home/maxim/projects/arm_driver-ws/install/perseus_arm/share/perseus_arm/package.sh'
[5.011s] INFO:colcon.colcon_core.shell:Creating package script '/home/maxim/projects/arm_driver-ws/install/perseus_arm/share/perseus_arm/package.bash'
[5.013s] INFO:colcon.colcon_core.shell:Creating package script '/home/maxim/projects/arm_driver-ws/install/perseus_arm/share/perseus_arm/package.zsh'
[5.014s] Level 1:colcon.colcon_core.environment:create_file_with_runtime_dependencies(/home/maxim/projects/arm_driver-ws/install/perseus_arm/share/colcon-core/packages/perseus_arm)
[5.015s] Level 1:colcon.colcon_core.environment:create_environment_scripts_only(perseus_arm)
[5.015s] Level 1:colcon.colcon_core.environment:checking '/home/maxim/projects/arm_driver-ws/install/perseus_arm' for CMake module files
[5.015s] Level 1:colcon.colcon_core.environment:checking '/home/maxim/projects/arm_driver-ws/install/perseus_arm' for CMake config files
[5.016s] Level 1:colcon.colcon_core.shell:create_environment_hook('perseus_arm', 'cmake_prefix_path')
[5.016s] INFO:colcon.colcon_core.shell:Creating environment hook '/home/maxim/projects/arm_driver-ws/install/perseus_arm/share/perseus_arm/hook/cmake_prefix_path.ps1'
[5.016s] INFO:colcon.colcon_core.shell:Creating environment descriptor '/home/maxim/projects/arm_driver-ws/install/perseus_arm/share/perseus_arm/hook/cmake_prefix_path.dsv'
[5.017s] INFO:colcon.colcon_core.shell:Creating environment hook '/home/maxim/projects/arm_driver-ws/install/perseus_arm/share/perseus_arm/hook/cmake_prefix_path.sh'
[5.018s] Level 1:colcon.colcon_core.environment:checking '/home/maxim/projects/arm_driver-ws/install/perseus_arm/bin'
[5.018s] Level 1:colcon.colcon_core.environment:checking '/home/maxim/projects/arm_driver-ws/install/perseus_arm/lib/pkgconfig/perseus_arm.pc'
[5.018s] Level 1:colcon.colcon_core.environment:checking '/home/maxim/projects/arm_driver-ws/install/perseus_arm/lib/python3.12/site-packages'
[5.018s] Level 1:colcon.colcon_core.environment:checking '/home/maxim/projects/arm_driver-ws/install/perseus_arm/bin'
[5.019s] INFO:colcon.colcon_core.shell:Creating package script '/home/maxim/projects/arm_driver-ws/install/perseus_arm/share/perseus_arm/package.ps1'
[5.019s] INFO:colcon.colcon_core.shell:Creating package descriptor '/home/maxim/projects/arm_driver-ws/install/perseus_arm/share/perseus_arm/package.dsv'
[5.020s] INFO:colcon.colcon_core.shell:Creating package script '/home/maxim/projects/arm_driver-ws/install/perseus_arm/share/perseus_arm/package.sh'
[5.021s] INFO:colcon.colcon_core.shell:Creating package script '/home/maxim/projects/arm_driver-ws/install/perseus_arm/share/perseus_arm/package.bash'
[5.022s] INFO:colcon.colcon_core.shell:Creating package script '/home/maxim/projects/arm_driver-ws/install/perseus_arm/share/perseus_arm/package.zsh'
[5.022s] Level 1:colcon.colcon_core.environment:create_file_with_runtime_dependencies(/home/maxim/projects/arm_driver-ws/install/perseus_arm/share/colcon-core/packages/perseus_arm)
[5.023s] DEBUG:colcon.colcon_parallel_executor.executor.parallel:closing loop
[5.024s] DEBUG:colcon.colcon_parallel_executor.executor.parallel:loop closed
[5.024s] DEBUG:colcon.colcon_parallel_executor.executor.parallel:run_until_complete finished with '0'
[5.024s] DEBUG:colcon.colcon_core.event_reactor:joining thread
[5.070s] INFO:colcon.colcon_core.plugin_system:Skipping extension 'colcon_notification.desktop_notification.notify_send': Could not find 'notify-send'
[5.070s] INFO:colcon.colcon_core.plugin_system:Skipping extension 'colcon_notification.desktop_notification.terminal_notifier': Not used on non-Darwin systems
[5.070s] INFO:colcon.colcon_core.plugin_system:Skipping extension 'colcon_notification.desktop_notification.win32': Not used on non-Windows systems
[5.070s] INFO:colcon.colcon_notification.desktop_notification:Sending desktop notification using 'notify2'
[5.074s] DEBUG:colcon.colcon_notification.desktop_notification.notify2:Failed to initialize notify2: org.freedesktop.DBus.Error.ServiceUnknown: The name org.freedesktop.Notifications was not provided by any .service files
[5.075s] DEBUG:colcon.colcon_core.event_reactor:joined thread
[5.075s] INFO:colcon.colcon_core.shell:Creating prefix script '/home/maxim/projects/arm_driver-ws/install/local_setup.ps1'
[5.078s] INFO:colcon.colcon_core.shell:Creating prefix util module '/home/maxim/projects/arm_driver-ws/install/_local_setup_util_ps1.py'
[5.080s] INFO:colcon.colcon_core.shell:Creating prefix chain script '/home/maxim/projects/arm_driver-ws/install/setup.ps1'
[5.081s] INFO:colcon.colcon_core.shell:Creating prefix script '/home/maxim/projects/arm_driver-ws/install/local_setup.sh'
[5.082s] INFO:colcon.colcon_core.shell:Creating prefix util module '/home/maxim/projects/arm_driver-ws/install/_local_setup_util_sh.py'
[5.083s] INFO:colcon.colcon_core.shell:Creating prefix chain script '/home/maxim/projects/arm_driver-ws/install/setup.sh'
[5.085s] INFO:colcon.colcon_core.shell:Creating prefix script '/home/maxim/projects/arm_driver-ws/install/local_setup.bash'
[5.086s] INFO:colcon.colcon_core.shell:Creating prefix chain script '/home/maxim/projects/arm_driver-ws/install/setup.bash'
[5.087s] INFO:colcon.colcon_core.shell:Creating prefix script '/home/maxim/projects/arm_driver-ws/install/local_setup.zsh'
[5.088s] INFO:colcon.colcon_core.shell:Creating prefix chain script '/home/maxim/projects/arm_driver-ws/install/setup.zsh'
