[0.023s] Invoking command in '/home/maxim/projects/arm_driver-ws/build/perseus_arm': CMAKE_PREFIX_PATH=${CMAKE_PREFIX_PATH}:/opt/ros/jazzy /usr/bin/cmake --build /home/maxim/projects/arm_driver-ws/build/perseus_arm -- -j8 -l8
[0.296s] Invoked command in '/home/maxim/projects/arm_driver-ws/build/perseus_arm' returned '0': CMAKE_PREFIX_PATH=${CMAKE_PREFIX_PATH}:/opt/ros/jazzy /usr/bin/cmake --build /home/maxim/projects/arm_driver-ws/build/perseus_arm -- -j8 -l8
[0.324s] Invoking command in '/home/maxim/projects/arm_driver-ws/build/perseus_arm': CMAKE_PREFIX_PATH=${CMAKE_PREFIX_PATH}:/opt/ros/jazzy /usr/bin/cmake --install /home/maxim/projects/arm_driver-ws/build/perseus_arm
[0.341s] -- Install configuration: ""
[0.341s] -- Up-to-date: /home/maxim/projects/arm_driver-ws/install/perseus_arm/share/ament_index/resource_index/package_run_dependencies/perseus_arm
[0.342s] -- Up-to-date: /home/maxim/projects/arm_driver-ws/install/perseus_arm/share/ament_index/resource_index/parent_prefix_path/perseus_arm
[0.342s] -- Up-to-date: /home/maxim/projects/arm_driver-ws/install/perseus_arm/share/perseus_arm/environment/ament_prefix_path.sh
[0.343s] -- Up-to-date: /home/maxim/projects/arm_driver-ws/install/perseus_arm/share/perseus_arm/environment/ament_prefix_path.dsv
[0.343s] -- Up-to-date: /home/maxim/projects/arm_driver-ws/install/perseus_arm/share/perseus_arm/environment/path.sh
[0.343s] -- Up-to-date: /home/maxim/projects/arm_driver-ws/install/perseus_arm/share/perseus_arm/environment/path.dsv
[0.344s] -- Up-to-date: /home/maxim/projects/arm_driver-ws/install/perseus_arm/share/perseus_arm/local_setup.bash
[0.344s] -- Up-to-date: /home/maxim/projects/arm_driver-ws/install/perseus_arm/share/perseus_arm/local_setup.sh
[0.344s] -- Up-to-date: /home/maxim/projects/arm_driver-ws/install/perseus_arm/share/perseus_arm/local_setup.zsh
[0.345s] -- Up-to-date: /home/maxim/projects/arm_driver-ws/install/perseus_arm/share/perseus_arm/local_setup.dsv
[0.345s] -- Installing: /home/maxim/projects/arm_driver-ws/install/perseus_arm/share/perseus_arm/package.dsv
[0.345s] -- Up-to-date: /home/maxim/projects/arm_driver-ws/install/perseus_arm/share/ament_index/resource_index/packages/perseus_arm
[0.345s] -- Up-to-date: /home/maxim/projects/arm_driver-ws/install/perseus_arm/share/perseus_arm/cmake/perseus_armConfig.cmake
[0.345s] -- Up-to-date: /home/maxim/projects/arm_driver-ws/install/perseus_arm/share/perseus_arm/cmake/perseus_armConfig-version.cmake
[0.346s] -- Up-to-date: /home/maxim/projects/arm_driver-ws/install/perseus_arm/share/perseus_arm/package.xml
[0.348s] Invoked command in '/home/maxim/projects/arm_driver-ws/build/perseus_arm' returned '0': CMAKE_PREFIX_PATH=${CMAKE_PREFIX_PATH}:/opt/ros/jazzy /usr/bin/cmake --install /home/maxim/projects/arm_driver-ws/build/perseus_arm
