[0.027s] Invoking command in '/home/maxim/projects/arm_driver-ws/build/arm_moveit_config': CMAKE_PREFIX_PATH=/home/maxim/projects/arm_driver-ws/install/perseus_arm:/home/maxim/projects/arm_driver-ws/install/arm_moveit_config:/home/maxim/projects/arm_driver-ws/src/perseus_arm/install/perseus_arm:/opt/ros/jazzy/opt/gz_sim_vendor:/opt/ros/jazzy/opt/gz_sensors_vendor:/opt/ros/jazzy/opt/gz_physics_vendor:/opt/ros/jazzy/opt/sdformat_vendor:/opt/ros/jazzy/opt/gz_gui_vendor:/opt/ros/jazzy/opt/gz_transport_vendor:/opt/ros/jazzy/opt/gz_rendering_vendor:/opt/ros/jazzy/opt/gz_plugin_vendor:/opt/ros/jazzy/opt/gz_fuel_tools_vendor:/opt/ros/jazzy/opt/gz_msgs_vendor:/opt/ros/jazzy/opt/gz_common_vendor:/opt/ros/jazzy/opt/gz_math_vendor:/opt/ros/jazzy/opt/gz_utils_vendor:/opt/ros/jazzy/opt/gz_tools_vendor:/opt/ros/jazzy/opt/gz_ogre_next_vendor:/opt/ros/jazzy/opt/gz_dartsim_vendor:/opt/ros/jazzy/opt/gz_cmake_vendor:/opt/ros/jazzy /usr/bin/cmake --build /home/maxim/projects/arm_driver-ws/build/arm_moveit_config -- -j8 -l8
[0.072s] Invoked command in '/home/maxim/projects/arm_driver-ws/build/arm_moveit_config' returned '0': CMAKE_PREFIX_PATH=/home/maxim/projects/arm_driver-ws/install/perseus_arm:/home/maxim/projects/arm_driver-ws/install/arm_moveit_config:/home/maxim/projects/arm_driver-ws/src/perseus_arm/install/perseus_arm:/opt/ros/jazzy/opt/gz_sim_vendor:/opt/ros/jazzy/opt/gz_sensors_vendor:/opt/ros/jazzy/opt/gz_physics_vendor:/opt/ros/jazzy/opt/sdformat_vendor:/opt/ros/jazzy/opt/gz_gui_vendor:/opt/ros/jazzy/opt/gz_transport_vendor:/opt/ros/jazzy/opt/gz_rendering_vendor:/opt/ros/jazzy/opt/gz_plugin_vendor:/opt/ros/jazzy/opt/gz_fuel_tools_vendor:/opt/ros/jazzy/opt/gz_msgs_vendor:/opt/ros/jazzy/opt/gz_common_vendor:/opt/ros/jazzy/opt/gz_math_vendor:/opt/ros/jazzy/opt/gz_utils_vendor:/opt/ros/jazzy/opt/gz_tools_vendor:/opt/ros/jazzy/opt/gz_ogre_next_vendor:/opt/ros/jazzy/opt/gz_dartsim_vendor:/opt/ros/jazzy/opt/gz_cmake_vendor:/opt/ros/jazzy /usr/bin/cmake --build /home/maxim/projects/arm_driver-ws/build/arm_moveit_config -- -j8 -l8
[0.084s] Invoking command in '/home/maxim/projects/arm_driver-ws/build/arm_moveit_config': CMAKE_PREFIX_PATH=/home/maxim/projects/arm_driver-ws/install/perseus_arm:/home/maxim/projects/arm_driver-ws/install/arm_moveit_config:/home/maxim/projects/arm_driver-ws/src/perseus_arm/install/perseus_arm:/opt/ros/jazzy/opt/gz_sim_vendor:/opt/ros/jazzy/opt/gz_sensors_vendor:/opt/ros/jazzy/opt/gz_physics_vendor:/opt/ros/jazzy/opt/sdformat_vendor:/opt/ros/jazzy/opt/gz_gui_vendor:/opt/ros/jazzy/opt/gz_transport_vendor:/opt/ros/jazzy/opt/gz_rendering_vendor:/opt/ros/jazzy/opt/gz_plugin_vendor:/opt/ros/jazzy/opt/gz_fuel_tools_vendor:/opt/ros/jazzy/opt/gz_msgs_vendor:/opt/ros/jazzy/opt/gz_common_vendor:/opt/ros/jazzy/opt/gz_math_vendor:/opt/ros/jazzy/opt/gz_utils_vendor:/opt/ros/jazzy/opt/gz_tools_vendor:/opt/ros/jazzy/opt/gz_ogre_next_vendor:/opt/ros/jazzy/opt/gz_dartsim_vendor:/opt/ros/jazzy/opt/gz_cmake_vendor:/opt/ros/jazzy /usr/bin/cmake --install /home/maxim/projects/arm_driver-ws/build/arm_moveit_config
[0.093s] -- Install configuration: ""
[0.094s] -- Up-to-date: /home/maxim/projects/arm_driver-ws/install/arm_moveit_config/share/ament_index/resource_index/package_run_dependencies/arm_moveit_config
[0.094s] -- Up-to-date: /home/maxim/projects/arm_driver-ws/install/arm_moveit_config/share/ament_index/resource_index/parent_prefix_path/arm_moveit_config
[0.094s] -- Up-to-date: /home/maxim/projects/arm_driver-ws/install/arm_moveit_config/share/arm_moveit_config/environment/ament_prefix_path.sh
[0.094s] -- Up-to-date: /home/maxim/projects/arm_driver-ws/install/arm_moveit_config/share/arm_moveit_config/environment/ament_prefix_path.dsv
[0.095s] -- Up-to-date: /home/maxim/projects/arm_driver-ws/install/arm_moveit_config/share/arm_moveit_config/environment/path.sh
[0.095s] -- Up-to-date: /home/maxim/projects/arm_driver-ws/install/arm_moveit_config/share/arm_moveit_config/environment/path.dsv
[0.095s] -- Up-to-date: /home/maxim/projects/arm_driver-ws/install/arm_moveit_config/share/arm_moveit_config/local_setup.bash
[0.095s] -- Up-to-date: /home/maxim/projects/arm_driver-ws/install/arm_moveit_config/share/arm_moveit_config/local_setup.sh
[0.095s] -- Up-to-date: /home/maxim/projects/arm_driver-ws/install/arm_moveit_config/share/arm_moveit_config/local_setup.zsh
[0.095s] -- Up-to-date: /home/maxim/projects/arm_driver-ws/install/arm_moveit_config/share/arm_moveit_config/local_setup.dsv
[0.095s] -- Installing: /home/maxim/projects/arm_driver-ws/install/arm_moveit_config/share/arm_moveit_config/package.dsv
[0.096s] -- Up-to-date: /home/maxim/projects/arm_driver-ws/install/arm_moveit_config/share/ament_index/resource_index/packages/arm_moveit_config
[0.096s] -- Up-to-date: /home/maxim/projects/arm_driver-ws/install/arm_moveit_config/share/arm_moveit_config/cmake/arm_moveit_configConfig.cmake
[0.096s] -- Up-to-date: /home/maxim/projects/arm_driver-ws/install/arm_moveit_config/share/arm_moveit_config/cmake/arm_moveit_configConfig-version.cmake
[0.096s] -- Up-to-date: /home/maxim/projects/arm_driver-ws/install/arm_moveit_config/share/arm_moveit_config/package.xml
[0.096s] -- Up-to-date: /home/maxim/projects/arm_driver-ws/install/arm_moveit_config/share/arm_moveit_config/launch
[0.096s] -- Up-to-date: /home/maxim/projects/arm_driver-ws/install/arm_moveit_config/share/arm_moveit_config/launch/setup_assistant.launch.py
[0.096s] -- Up-to-date: /home/maxim/projects/arm_driver-ws/install/arm_moveit_config/share/arm_moveit_config/launch/demo.launch.py
[0.096s] -- Up-to-date: /home/maxim/projects/arm_driver-ws/install/arm_moveit_config/share/arm_moveit_config/launch/rsp.launch.py
[0.096s] -- Up-to-date: /home/maxim/projects/arm_driver-ws/install/arm_moveit_config/share/arm_moveit_config/launch/moveit_rviz.launch.py
[0.096s] -- Up-to-date: /home/maxim/projects/arm_driver-ws/install/arm_moveit_config/share/arm_moveit_config/launch/warehouse_db.launch.py
[0.096s] -- Up-to-date: /home/maxim/projects/arm_driver-ws/install/arm_moveit_config/share/arm_moveit_config/launch/spawn_controllers.launch.py
[0.096s] -- Up-to-date: /home/maxim/projects/arm_driver-ws/install/arm_moveit_config/share/arm_moveit_config/launch/static_virtual_joint_tfs.launch.py
[0.096s] -- Up-to-date: /home/maxim/projects/arm_driver-ws/install/arm_moveit_config/share/arm_moveit_config/launch/move_group.launch.py
[0.097s] -- Up-to-date: /home/maxim/projects/arm_driver-ws/install/arm_moveit_config/share/arm_moveit_config/config
[0.097s] -- Up-to-date: /home/maxim/projects/arm_driver-ws/install/arm_moveit_config/share/arm_moveit_config/config/moveit_controllers.yaml
[0.097s] -- Installing: /home/maxim/projects/arm_driver-ws/install/arm_moveit_config/share/arm_moveit_config/config/kinematics.yaml
[0.097s] -- Up-to-date: /home/maxim/projects/arm_driver-ws/install/arm_moveit_config/share/arm_moveit_config/config/moveit.rviz
[0.097s] -- Up-to-date: /home/maxim/projects/arm_driver-ws/install/arm_moveit_config/share/arm_moveit_config/config/my-robot-urdf.ros2_control.xacro
[0.098s] -- Up-to-date: /home/maxim/projects/arm_driver-ws/install/arm_moveit_config/share/arm_moveit_config/config/ros2_controllers.yaml
[0.098s] -- Installing: /home/maxim/projects/arm_driver-ws/install/arm_moveit_config/share/arm_moveit_config/config/my-robot-urdf.srdf
[0.098s] -- Up-to-date: /home/maxim/projects/arm_driver-ws/install/arm_moveit_config/share/arm_moveit_config/config/initial_positions.yaml
[0.100s] -- Up-to-date: /home/maxim/projects/arm_driver-ws/install/arm_moveit_config/share/arm_moveit_config/config/pilz_cartesian_limits.yaml
[0.100s] -- Up-to-date: /home/maxim/projects/arm_driver-ws/install/arm_moveit_config/share/arm_moveit_config/config/joint_limits.yaml
[0.101s] -- Up-to-date: /home/maxim/projects/arm_driver-ws/install/arm_moveit_config/share/arm_moveit_config/config/my-robot-urdf.urdf.xacro
[0.101s] -- Up-to-date: /home/maxim/projects/arm_driver-ws/install/arm_moveit_config/share/arm_moveit_config/.setup_assistant
[0.102s] Invoked command in '/home/maxim/projects/arm_driver-ws/build/arm_moveit_config' returned '0': CMAKE_PREFIX_PATH=/home/maxim/projects/arm_driver-ws/install/perseus_arm:/home/maxim/projects/arm_driver-ws/install/arm_moveit_config:/home/maxim/projects/arm_driver-ws/src/perseus_arm/install/perseus_arm:/opt/ros/jazzy/opt/gz_sim_vendor:/opt/ros/jazzy/opt/gz_sensors_vendor:/opt/ros/jazzy/opt/gz_physics_vendor:/opt/ros/jazzy/opt/sdformat_vendor:/opt/ros/jazzy/opt/gz_gui_vendor:/opt/ros/jazzy/opt/gz_transport_vendor:/opt/ros/jazzy/opt/gz_rendering_vendor:/opt/ros/jazzy/opt/gz_plugin_vendor:/opt/ros/jazzy/opt/gz_fuel_tools_vendor:/opt/ros/jazzy/opt/gz_msgs_vendor:/opt/ros/jazzy/opt/gz_common_vendor:/opt/ros/jazzy/opt/gz_math_vendor:/opt/ros/jazzy/opt/gz_utils_vendor:/opt/ros/jazzy/opt/gz_tools_vendor:/opt/ros/jazzy/opt/gz_ogre_next_vendor:/opt/ros/jazzy/opt/gz_dartsim_vendor:/opt/ros/jazzy/opt/gz_cmake_vendor:/opt/ros/jazzy /usr/bin/cmake --install /home/maxim/projects/arm_driver-ws/build/arm_moveit_config
