[0.095s] Invoking command in '/home/maxim/projects/arm_driver-ws/build/arm_moveit_config': CMAKE_PREFIX_PATH=${CMAKE_PREFIX_PATH}:/opt/ros/jazzy /usr/bin/cmake /home/maxim/projects/arm_driver-ws/src/arm_moveit_config -DCMAKE_INSTALL_PREFIX=/home/maxim/projects/arm_driver-ws/install/arm_moveit_config
[0.549s] -- The C compiler identification is GNU 13.3.0
[0.930s] -- The CXX compiler identification is GNU 13.3.0
[1.106s] -- Detecting C compiler ABI info
[1.329s] -- Detecting C compiler ABI info - done
[1.341s] -- Check for working C compiler: /usr/bin/cc - skipped
[1.349s] -- Detecting C compile features
[1.350s] -- Detecting C compile features - done
[1.405s] -- Detecting CXX compiler ABI info
[1.634s] -- Detecting CXX compiler ABI info - done
[1.646s] -- Check for working CXX compiler: /usr/bin/c++ - skipped
[1.646s] -- Detecting CXX compile features
[1.647s] -- Detecting CXX compile features - done
[1.696s] -- Found ament_cmake: 2.5.4 (/opt/ros/jazzy/share/ament_cmake/cmake)
[1.900s] -- Found Python3: /usr/bin/python3 (found version "3.12.3") found components: Interpreter 
[2.238s] -- Configuring done (2.1s)
[2.251s] -- Generating done (0.0s)
[2.255s] -- Build files have been written to: /home/maxim/projects/arm_driver-ws/build/arm_moveit_config
[2.263s] Invoked command in '/home/maxim/projects/arm_driver-ws/build/arm_moveit_config' returned '0': CMAKE_PREFIX_PATH=${CMAKE_PREFIX_PATH}:/opt/ros/jazzy /usr/bin/cmake /home/maxim/projects/arm_driver-ws/src/arm_moveit_config -DCMAKE_INSTALL_PREFIX=/home/maxim/projects/arm_driver-ws/install/arm_moveit_config
[2.264s] Invoking command in '/home/maxim/projects/arm_driver-ws/build/arm_moveit_config': CMAKE_PREFIX_PATH=${CMAKE_PREFIX_PATH}:/opt/ros/jazzy /usr/bin/cmake --build /home/maxim/projects/arm_driver-ws/build/arm_moveit_config -- -j8 -l8
[2.314s] Invoked command in '/home/maxim/projects/arm_driver-ws/build/arm_moveit_config' returned '0': CMAKE_PREFIX_PATH=${CMAKE_PREFIX_PATH}:/opt/ros/jazzy /usr/bin/cmake --build /home/maxim/projects/arm_driver-ws/build/arm_moveit_config -- -j8 -l8
[2.315s] Invoking command in '/home/maxim/projects/arm_driver-ws/build/arm_moveit_config': CMAKE_PREFIX_PATH=${CMAKE_PREFIX_PATH}:/opt/ros/jazzy /usr/bin/cmake --install /home/maxim/projects/arm_driver-ws/build/arm_moveit_config
[2.324s] -- Install configuration: ""
[2.326s] -- Installing: /home/maxim/projects/arm_driver-ws/install/arm_moveit_config/share/ament_index/resource_index/package_run_dependencies/arm_moveit_config
[2.327s] -- Installing: /home/maxim/projects/arm_driver-ws/install/arm_moveit_config/share/ament_index/resource_index/parent_prefix_path/arm_moveit_config
[2.327s] -- Installing: /home/maxim/projects/arm_driver-ws/install/arm_moveit_config/share/arm_moveit_config/environment/ament_prefix_path.sh
[2.328s] -- Installing: /home/maxim/projects/arm_driver-ws/install/arm_moveit_config/share/arm_moveit_config/environment/ament_prefix_path.dsv
[2.328s] -- Installing: /home/maxim/projects/arm_driver-ws/install/arm_moveit_config/share/arm_moveit_config/environment/path.sh
[2.328s] -- Installing: /home/maxim/projects/arm_driver-ws/install/arm_moveit_config/share/arm_moveit_config/environment/path.dsv
[2.328s] -- Installing: /home/maxim/projects/arm_driver-ws/install/arm_moveit_config/share/arm_moveit_config/local_setup.bash
[2.329s] -- Installing: /home/maxim/projects/arm_driver-ws/install/arm_moveit_config/share/arm_moveit_config/local_setup.sh
[2.329s] -- Installing: /home/maxim/projects/arm_driver-ws/install/arm_moveit_config/share/arm_moveit_config/local_setup.zsh
[2.329s] -- Installing: /home/maxim/projects/arm_driver-ws/install/arm_moveit_config/share/arm_moveit_config/local_setup.dsv
[2.329s] -- Installing: /home/maxim/projects/arm_driver-ws/install/arm_moveit_config/share/arm_moveit_config/package.dsv
[2.330s] -- Installing: /home/maxim/projects/arm_driver-ws/install/arm_moveit_config/share/ament_index/resource_index/packages/arm_moveit_config
[2.330s] -- Installing: /home/maxim/projects/arm_driver-ws/install/arm_moveit_config/share/arm_moveit_config/cmake/arm_moveit_configConfig.cmake
[2.331s] -- Installing: /home/maxim/projects/arm_driver-ws/install/arm_moveit_config/share/arm_moveit_config/cmake/arm_moveit_configConfig-version.cmake
[2.331s] -- Installing: /home/maxim/projects/arm_driver-ws/install/arm_moveit_config/share/arm_moveit_config/package.xml
[2.331s] -- Installing: /home/maxim/projects/arm_driver-ws/install/arm_moveit_config/share/arm_moveit_config/launch
[2.339s] -- Installing: /home/maxim/projects/arm_driver-ws/install/arm_moveit_config/share/arm_moveit_config/launch/setup_assistant.launch.py
[2.340s] -- Installing: /home/maxim/projects/arm_driver-ws/install/arm_moveit_config/share/arm_moveit_config/launch/demo.launch.py
[2.341s] -- Installing: /home/maxim/projects/arm_driver-ws/install/arm_moveit_config/share/arm_moveit_config/launch/rsp.launch.py
[2.342s] -- Installing: /home/maxim/projects/arm_driver-ws/install/arm_moveit_config/share/arm_moveit_config/launch/moveit_rviz.launch.py
[2.343s] -- Installing: /home/maxim/projects/arm_driver-ws/install/arm_moveit_config/share/arm_moveit_config/launch/warehouse_db.launch.py
[2.344s] -- Installing: /home/maxim/projects/arm_driver-ws/install/arm_moveit_config/share/arm_moveit_config/launch/spawn_controllers.launch.py
[2.345s] -- Installing: /home/maxim/projects/arm_driver-ws/install/arm_moveit_config/share/arm_moveit_config/launch/static_virtual_joint_tfs.launch.py
[2.346s] -- Installing: /home/maxim/projects/arm_driver-ws/install/arm_moveit_config/share/arm_moveit_config/launch/move_group.launch.py
[2.347s] -- Installing: /home/maxim/projects/arm_driver-ws/install/arm_moveit_config/share/arm_moveit_config/config
[2.349s] -- Installing: /home/maxim/projects/arm_driver-ws/install/arm_moveit_config/share/arm_moveit_config/config/moveit_controllers.yaml
[2.350s] -- Installing: /home/maxim/projects/arm_driver-ws/install/arm_moveit_config/share/arm_moveit_config/config/kinematics.yaml
[2.351s] -- Installing: /home/maxim/projects/arm_driver-ws/install/arm_moveit_config/share/arm_moveit_config/config/moveit.rviz
[2.352s] -- Installing: /home/maxim/projects/arm_driver-ws/install/arm_moveit_config/share/arm_moveit_config/config/my-robot-urdf.ros2_control.xacro
[2.353s] -- Installing: /home/maxim/projects/arm_driver-ws/install/arm_moveit_config/share/arm_moveit_config/config/ros2_controllers.yaml
[2.354s] -- Installing: /home/maxim/projects/arm_driver-ws/install/arm_moveit_config/share/arm_moveit_config/config/my-robot-urdf.srdf
[2.355s] -- Installing: /home/maxim/projects/arm_driver-ws/install/arm_moveit_config/share/arm_moveit_config/config/initial_positions.yaml
[2.356s] -- Installing: /home/maxim/projects/arm_driver-ws/install/arm_moveit_config/share/arm_moveit_config/config/pilz_cartesian_limits.yaml
[2.356s] -- Installing: /home/maxim/projects/arm_driver-ws/install/arm_moveit_config/share/arm_moveit_config/config/joint_limits.yaml
[2.357s] -- Installing: /home/maxim/projects/arm_driver-ws/install/arm_moveit_config/share/arm_moveit_config/config/my-robot-urdf.urdf.xacro
[2.358s] -- Installing: /home/maxim/projects/arm_driver-ws/install/arm_moveit_config/share/arm_moveit_config/.setup_assistant
[2.364s] Invoked command in '/home/maxim/projects/arm_driver-ws/build/arm_moveit_config' returned '0': CMAKE_PREFIX_PATH=${CMAKE_PREFIX_PATH}:/opt/ros/jazzy /usr/bin/cmake --install /home/maxim/projects/arm_driver-ws/build/arm_moveit_config
